[2013-05-30 13:48:59] Codeception.INFO: PASSED [] []
[2013-05-30 13:48:59] Codeception.INFO: PASSED [] []
[2013-05-30 13:48:59] Codeception.INFO: PASSED [] []
[2013-05-30 13:48:59] Codeception.ALERT: Property "Transaction.punto" is not defined. [] []
[2013-05-30 13:48:59] Codeception.INFO: # ERROR # [] []
[2013-05-30 13:48:59] Codeception.INFO: PASSED [] []
[2013-05-30 13:53:00] Codeception.INFO: PASSED [] []
[2013-05-30 13:53:00] Codeception.INFO: PASSED [] []
[2013-05-30 13:53:00] Codeception.INFO: PASSED [] []
[2013-05-30 13:53:00] Codeception.INFO: PASSED [] []
[2013-05-30 13:58:56] Codeception.INFO: PASSED [] []
[2013-05-30 13:58:56] Codeception.INFO: PASSED [] []
[2013-05-30 13:58:56] Codeception.INFO: PASSED [] []
[2013-05-30 13:58:56] Codeception.INFO: PASSED [] []
[2013-05-30 13:59:49] Codeception.INFO: PASSED [] []
[2013-05-30 13:59:49] Codeception.INFO: PASSED [] []
[2013-05-30 13:59:49] Codeception.INFO: PASSED [] []
[2013-05-30 13:59:49] Codeception.INFO: PASSED [] []
[2013-05-30 14:01:40] Codeception.INFO: PASSED [] []
[2013-05-30 14:01:40] Codeception.INFO: PASSED [] []
[2013-05-30 14:01:40] Codeception.INFO: PASSED [] []
[2013-05-30 14:01:40] Codeception.INFO: PASSED [] []
[2013-05-30 14:04:03] Codeception.INFO: PASSED [] []
[2013-05-30 14:04:03] Codeception.INFO: PASSED [] []
[2013-05-30 14:04:03] Codeception.INFO: PASSED [] []
[2013-05-30 14:04:03] Codeception.INFO: PASSED [] []
[2013-05-30 14:04:03] Codeception.INFO: PASSED [] []
[2013-05-30 14:04:03] Codeception.INFO: PASSED [] []
[2013-05-30 14:04:03] Codeception.ALERT: Transaction and its behaviors do not have a method or closure named "createTransaction". [] []
[2013-05-30 14:04:03] Codeception.INFO: # ERROR # [] []
[2013-05-30 14:04:03] Codeception.INFO: PASSED [] []
[2013-05-30 14:04:03] Codeception.INFO: PASSED [] []
[2013-05-30 14:04:03] Codeception.INFO: PASSED [] []
[2013-05-30 14:09:23] Codeception.INFO: PASSED [] []
[2013-05-30 14:09:23] Codeception.INFO: PASSED [] []
[2013-05-30 14:09:23] Codeception.INFO: PASSED [] []
[2013-05-30 14:09:23] Codeception.ALERT: Undefined variable: merchant_usn [] []
[2013-05-30 14:09:23] Codeception.INFO: # ERROR # [] []
[2013-05-30 14:09:23] Codeception.INFO: PASSED [] []
[2013-05-30 14:09:23] Codeception.ALERT: Undefined variable: merchant_usn [] []
[2013-05-30 14:09:23] Codeception.INFO: # ERROR # [] []
[2013-05-30 14:09:23] Codeception.INFO: PASSED [] []
[2013-05-30 14:09:23] Codeception.ALERT: Undefined variable: merchant_usn [] []
[2013-05-30 14:09:23] Codeception.INFO: # ERROR # [] []
[2013-05-30 14:09:23] Codeception.INFO: PASSED [] []
[2013-05-30 14:09:23] Codeception.ALERT: Missing argument 1 for Transaction::createTransaction(), called in C:\wamp\www\TuPagoDe2\tests\unit\TransactionTest.php on line 112 and defined [] []
[2013-05-30 14:09:23] Codeception.INFO: # ERROR # [] []
[2013-05-30 14:09:23] Codeception.INFO: PASSED [] []
[2013-05-30 14:09:23] Codeception.ALERT: Undefined variable: merchant_usn [] []
[2013-05-30 14:09:23] Codeception.INFO: # ERROR # [] []
[2013-05-30 14:09:23] Codeception.INFO: PASSED [] []
[2013-05-30 14:09:23] Codeception.ALERT: Undefined variable: merchant_usn [] []
[2013-05-30 14:09:23] Codeception.INFO: # ERROR # [] []
[2013-05-30 14:09:23] Codeception.INFO: PASSED [] []
[2013-05-30 14:09:58] Codeception.INFO: PASSED [] []
[2013-05-30 14:09:58] Codeception.INFO: PASSED [] []
[2013-05-30 14:09:58] Codeception.INFO: PASSED [] []
[2013-05-30 14:10:10] Codeception.INFO: PASSED [] []
[2013-05-30 14:10:10] Codeception.INFO: PASSED [] []
[2013-05-30 14:10:10] Codeception.INFO: PASSED [] []
[2013-05-30 14:11:07] Codeception.INFO: PASSED [] []
[2013-05-30 14:11:07] Codeception.INFO: PASSED [] []
[2013-05-30 14:11:07] Codeception.INFO: PASSED [] []
[2013-05-30 14:11:07] Codeception.ALERT: Failed asserting that false is true. [] []
[2013-05-30 14:11:07] Codeception.INFO: # FAILED # [] []
[2013-05-30 14:11:07] Codeception.INFO: PASSED [] []
[2013-05-30 14:11:07] Codeception.ALERT: Failed asserting that false is true. [] []
[2013-05-30 14:11:07] Codeception.INFO: # FAILED # [] []
[2013-05-30 14:11:07] Codeception.INFO: PASSED [] []
[2013-05-30 14:11:07] Codeception.ALERT: Failed asserting that false is true. [] []
[2013-05-30 14:11:07] Codeception.INFO: # FAILED # [] []
[2013-05-30 14:11:07] Codeception.INFO: PASSED [] []
[2013-05-30 14:11:07] Codeception.ALERT: Missing argument 1 for Transaction::createTransaction(), called in C:\wamp\www\TuPagoDe2\tests\unit\TransactionTest.php on line 112 and defined [] []
[2013-05-30 14:11:07] Codeception.INFO: # ERROR # [] []
[2013-05-30 14:11:07] Codeception.INFO: PASSED [] []
[2013-05-30 14:11:07] Codeception.INFO: PASSED [] []
[2013-05-30 14:11:07] Codeception.ALERT: Failed asserting that false is true. [] []
[2013-05-30 14:11:07] Codeception.INFO: # FAILED # [] []
[2013-05-30 14:11:07] Codeception.INFO: PASSED [] []
[2013-05-30 14:13:43] Codeception.INFO: PASSED [] []
[2013-05-30 14:13:43] Codeception.INFO: PASSED [] []
[2013-05-30 14:13:43] Codeception.INFO: PASSED [] []
[2013-05-30 14:13:43] Codeception.ALERT: Illegal offset type in isset or empty [] []
[2013-05-30 14:13:43] Codeception.INFO: # ERROR # [] []
[2013-05-30 14:13:43] Codeception.INFO: PASSED [] []
[2013-05-30 14:13:43] Codeception.ALERT: Illegal offset type in isset or empty [] []
[2013-05-30 14:13:43] Codeception.INFO: # ERROR # [] []
[2013-05-30 14:13:43] Codeception.INFO: PASSED [] []
[2013-05-30 14:13:43] Codeception.ALERT: Illegal offset type in isset or empty [] []
[2013-05-30 14:13:43] Codeception.INFO: # ERROR # [] []
[2013-05-30 14:13:43] Codeception.INFO: PASSED [] []
[2013-05-30 14:13:43] Codeception.ALERT: Illegal offset type in isset or empty [] []
[2013-05-30 14:13:43] Codeception.INFO: # ERROR # [] []
[2013-05-30 14:13:43] Codeception.INFO: PASSED [] []
[2013-05-30 14:13:43] Codeception.ALERT: Illegal offset type in isset or empty [] []
[2013-05-30 14:13:43] Codeception.INFO: # ERROR # [] []
[2013-05-30 14:13:43] Codeception.INFO: PASSED [] []
[2013-05-30 14:13:43] Codeception.ALERT: Illegal offset type in isset or empty [] []
[2013-05-30 14:13:43] Codeception.INFO: # ERROR # [] []
[2013-05-30 14:13:43] Codeception.INFO: PASSED [] []
[2013-05-30 14:16:26] Codeception.INFO: PASSED [] []
[2013-05-30 14:16:26] Codeception.INFO: PASSED [] []
[2013-05-30 14:16:26] Codeception.INFO: PASSED [] []
[2013-05-30 14:16:26] Codeception.INFO: PASSED [] []
[2013-05-30 14:16:26] Codeception.INFO: PASSED [] []
[2013-05-30 14:16:26] Codeception.INFO: PASSED [] []
[2013-05-30 14:16:27] Codeception.INFO: PASSED [] []
[2013-05-30 14:16:27] Codeception.INFO: PASSED [] []
[2013-05-30 14:16:27] Codeception.ALERT: CDbCommand failed to execute the SQL statement: SQLSTATE[23000]: Integrity constraint violation: 1062 Duplicate entry '123452232' for key 'PRIMARY'. The SQL statement executed was: INSERT INTO `transaction` (`merchant_usn`, `amount`, `nit`, `trans_status`, `message`, `payment_type`, `order_id`, `punto`) VALUES (:yp0, :yp1, :yp2, :yp3, :yp4, :yp5, :yp6, :yp7) [] []
[2013-05-30 14:16:27] Codeception.INFO: # ERROR # [] []
[2013-05-30 14:16:27] Codeception.INFO: PASSED [] []
[2013-05-30 14:23:54] Codeception.INFO: PASSED [] []
[2013-05-30 14:23:54] Codeception.INFO: PASSED [] []
[2013-05-30 14:23:54] Codeception.INFO: PASSED [] []
[2013-05-30 14:23:54] Codeception.INFO: PASSED [] []
[2013-05-30 14:23:54] Codeception.INFO: PASSED [] []
[2013-05-30 14:23:55] Codeception.INFO: PASSED [] []
[2013-05-30 14:23:55] Codeception.INFO: PASSED [] []
[2013-05-30 14:23:55] Codeception.INFO: PASSED [] []
[2013-05-30 14:23:55] Codeception.ALERT: CDbCommand failed to execute the SQL statement: SQLSTATE[23000]: Integrity constraint violation: 1062 Duplicate entry '123452232' for key 'PRIMARY'. The SQL statement executed was: INSERT INTO `transaction` (`merchant_usn`, `amount`, `nit`, `trans_status`, `message`, `payment_type`, `order_id`, `punto`) VALUES (:yp0, :yp1, :yp2, :yp3, :yp4, :yp5, :yp6, :yp7) [] []
[2013-05-30 14:23:55] Codeception.INFO: # ERROR # [] []
[2013-05-30 14:23:55] Codeception.INFO: PASSED [] []
[2013-05-30 14:24:40] Codeception.INFO: PASSED [] []
[2013-05-30 14:24:40] Codeception.INFO: PASSED [] []
[2013-05-30 14:24:40] Codeception.INFO: PASSED [] []
[2013-05-30 14:24:40] Codeception.INFO: PASSED [] []
[2013-05-30 14:24:40] Codeception.INFO: PASSED [] []
[2013-05-30 14:24:40] Codeception.INFO: PASSED [] []
[2013-05-30 14:24:40] Codeception.INFO: PASSED [] []
[2013-05-30 14:24:40] Codeception.INFO: PASSED [] []
[2013-05-30 14:24:41] Codeception.INFO: PASSED [] []
[2013-05-30 14:24:44] Codeception.INFO: PASSED [] []
[2013-05-30 14:24:45] Codeception.INFO: PASSED [] []
[2013-05-30 14:24:45] Codeception.INFO: PASSED [] []
[2013-05-30 14:24:45] Codeception.INFO: PASSED [] []
[2013-05-30 14:24:45] Codeception.INFO: PASSED [] []
[2013-05-30 14:24:45] Codeception.INFO: PASSED [] []
[2013-05-30 14:24:45] Codeception.INFO: PASSED [] []
[2013-05-30 14:24:45] Codeception.INFO: PASSED [] []
[2013-05-30 14:24:45] Codeception.INFO: PASSED [] []
[2013-05-30 15:18:08] Codeception.INFO: PASSED [] []
[2013-05-30 15:18:08] Codeception.INFO: PASSED [] []
[2013-05-30 15:18:08] Codeception.INFO: PASSED [] []
[2013-05-30 15:18:08] Codeception.INFO: PASSED [] []
[2013-05-30 15:18:08] Codeception.INFO: PASSED [] []
[2013-05-30 15:18:08] Codeception.INFO: PASSED [] []
[2013-05-30 15:18:08] Codeception.ALERT: Missing argument 1 for Mock_Puntoconexion_6b57f15f::createCon(), called in C:\wamp\www\TuPagoDe2\tests\unit\TransactionTest.php on line 108 and defined [] []
[2013-05-30 15:18:08] Codeception.INFO: # ERROR # [] []
[2013-05-30 15:18:08] Codeception.INFO: PASSED [] []
[2013-05-30 15:18:08] Codeception.INFO: PASSED [] []
[2013-05-30 15:18:08] Codeception.INFO: PASSED [] []
[2013-05-30 15:18:23] Codeception.INFO: PASSED [] []
[2013-05-30 15:18:23] Codeception.INFO: PASSED [] []
[2013-05-30 15:18:23] Codeception.INFO: PASSED [] []
[2013-05-30 15:18:23] Codeception.INFO: PASSED [] []
[2013-05-30 15:18:23] Codeception.INFO: PASSED [] []
[2013-05-30 15:18:24] Codeception.INFO: PASSED [] []
[2013-05-30 15:18:24] Codeception.INFO: PASSED [] []
[2013-05-30 15:18:24] Codeception.INFO: PASSED [] []
[2013-05-30 15:18:24] Codeception.INFO: PASSED [] []
[2013-05-30 15:58:44] Codeception.INFO: PASSED [] []
[2013-05-30 15:58:45] Codeception.INFO: PASSED [] []
[2013-05-30 15:58:45] Codeception.INFO: PASSED [] []
[2013-05-30 15:58:45] Codeception.INFO: PASSED [] []
[2013-05-30 15:58:45] Codeception.INFO: PASSED [] []
[2013-05-30 15:58:45] Codeception.INFO: PASSED [] []
[2013-05-30 15:58:45] Codeception.INFO: PASSED [] []
[2013-05-30 15:58:45] Codeception.INFO: PASSED [] []
[2013-05-30 15:58:45] Codeception.INFO: PASSED [] []
[2013-05-30 19:06:56] Codeception.INFO: PASSED [] []
[2013-05-30 19:06:56] Codeception.INFO: PASSED [] []
[2013-05-30 19:06:56] Codeception.INFO: PASSED [] []
[2013-05-30 19:06:56] Codeception.INFO: PASSED [] []
[2013-05-30 19:06:56] Codeception.INFO: PASSED [] []
[2013-05-30 19:06:57] Codeception.INFO: PASSED [] []
[2013-05-30 19:06:57] Codeception.INFO: PASSED [] []
[2013-05-30 19:06:57] Codeception.INFO: PASSED [] []
[2013-05-30 19:06:57] Codeception.INFO: PASSED [] []
[2013-05-30 19:07:38] Codeception.INFO: PASSED [] []
[2013-05-30 19:07:38] Codeception.INFO: PASSED [] []
[2013-05-30 19:07:38] Codeception.INFO: PASSED [] []
[2013-05-30 19:07:38] Codeception.INFO: PASSED [] []
[2013-05-30 19:07:38] Codeception.INFO: PASSED [] []
[2013-05-30 19:07:38] Codeception.INFO: PASSED [] []
[2013-05-30 19:07:38] Codeception.INFO: PASSED [] []
[2013-05-30 19:07:38] Codeception.INFO: PASSED [] []
[2013-05-30 19:07:39] Codeception.INFO: PASSED [] []
[2013-05-30 22:00:29] Codeception.INFO: PASSED [] []
[2013-05-30 22:00:29] Codeception.INFO: PASSED [] []
[2013-05-30 22:00:29] Codeception.INFO: PASSED [] []
[2013-05-30 22:00:29] Codeception.INFO: PASSED [] []
[2013-05-30 22:00:29] Codeception.INFO: PASSED [] []
[2013-05-30 22:00:29] Codeception.INFO: PASSED [] []
[2013-05-30 22:00:29] Codeception.INFO: PASSED [] []
[2013-05-30 22:00:29] Codeception.INFO: PASSED [] []
[2013-05-30 22:00:29] Codeception.INFO: PASSED [] []
[2013-05-30 22:18:13] Codeception.INFO: PASSED [] []
[2013-05-30 22:18:13] Codeception.INFO: PASSED [] []
[2013-05-30 22:18:13] Codeception.INFO: PASSED [] []
[2013-05-30 22:18:13] Codeception.INFO: PASSED [] []
[2013-05-30 22:18:13] Codeception.INFO: PASSED [] []
[2013-05-30 22:18:13] Codeception.INFO: PASSED [] []
[2013-05-30 22:18:13] Codeception.INFO: PASSED [] []
[2013-05-30 22:18:13] Codeception.INFO: PASSED [] []
[2013-05-30 22:18:13] Codeception.INFO: PASSED [] []
[2013-05-30 22:26:47] Codeception.INFO: PASSED [] []
[2013-05-30 22:26:47] Codeception.INFO: PASSED [] []
[2013-05-30 22:26:47] Codeception.INFO: PASSED [] []
[2013-05-30 22:26:47] Codeception.INFO: PASSED [] []
[2013-05-30 22:26:47] Codeception.INFO: PASSED [] []
[2013-05-30 22:26:47] Codeception.INFO: PASSED [] []
[2013-05-30 22:42:19] Codeception.INFO: PASSED [] []
[2013-05-30 22:42:19] Codeception.INFO: PASSED [] []
[2013-05-30 22:42:19] Codeception.INFO: PASSED [] []
[2013-05-30 22:42:19] Codeception.INFO: PASSED [] []
[2013-05-30 22:42:19] Codeception.INFO: PASSED [] []
[2013-05-30 22:42:19] Codeception.INFO: PASSED [] []
[2013-05-30 22:43:51] Codeception.INFO: PASSED [] []
[2013-05-30 22:43:51] Codeception.INFO: PASSED [] []
[2013-05-30 22:43:51] Codeception.INFO: PASSED [] []
[2013-05-30 22:43:51] Codeception.INFO: PASSED [] []
[2013-05-30 22:43:51] Codeception.INFO: PASSED [] []
[2013-05-30 22:43:52] Codeception.INFO: PASSED [] []
[2013-05-30 22:44:05] Codeception.ALERT: 'NEG' does not match expected type "array". [] []
[2013-05-30 22:44:05] Codeception.INFO: # FAILED # [] []
[2013-05-30 22:44:05] Codeception.INFO: PASSED [] []
[2013-05-30 22:44:05] Codeception.INFO: PASSED [] []
[2013-05-30 22:44:05] Codeception.INFO: PASSED [] []
