[2013-05-28 14:34:27] Codeception.INFO: PASSED [] []
[2013-05-28 14:34:27] Codeception.INFO: PASSED [] []
[2013-05-28 14:34:27] Codeception.INFO: PASSED [] []
[2013-05-28 14:34:27] Codeception.ALERT: The SOAP extension is required to generate a mock object from WSDL. [] []
[2013-05-28 14:34:27] Codeception.INFO: # ERROR # [] []
[2013-05-28 14:34:27] Codeception.INFO: PASSED [] []
[2013-05-28 14:45:06] Codeception.INFO: PASSED [] []
[2013-05-28 14:45:06] Codeception.INFO: PASSED [] []
[2013-05-28 14:45:06] Codeception.INFO: PASSED [] []
[2013-05-28 14:45:06] Codeception.ALERT: The SOAP extension is required to generate a mock object from WSDL. [] []
[2013-05-28 14:45:06] Codeception.INFO: # ERROR # [] []
[2013-05-28 14:45:06] Codeception.INFO: PASSED [] []
[2013-05-28 14:45:34] Codeception.INFO: PASSED [] []
[2013-05-28 14:45:34] Codeception.INFO: PASSED [] []
[2013-05-28 14:45:34] Codeception.INFO: PASSED [] []
[2013-05-28 14:45:34] Codeception.ALERT: The SOAP extension is required to generate a mock object from WSDL. [] []
[2013-05-28 14:45:34] Codeception.INFO: # ERROR # [] []
[2013-05-28 14:45:34] Codeception.INFO: PASSED [] []
[2013-05-28 14:49:21] Codeception.INFO: PASSED [] []
[2013-05-28 14:49:21] Codeception.INFO: PASSED [] []
[2013-05-28 14:49:21] Codeception.INFO: PASSED [] []
[2013-05-28 14:49:21] Codeception.INFO: PASSED [] []
[2013-05-28 22:32:53] Codeception.INFO: PASSED [] []
[2013-05-28 22:32:53] Codeception.INFO: PASSED [] []
[2013-05-28 22:32:53] Codeception.INFO: PASSED [] []
[2013-05-28 22:32:53] Codeception.ALERT: Missing argument 1 for CController::__construct(), called in phar://C:/wamp/www/TuPagoDe2/codecept.phar/vendor/phpunit/phpunit-mock-objects/PHPUnit/Framework/MockObject/Generator.php on line 237 and defined [] []
[2013-05-28 22:32:53] Codeception.INFO: # ERROR # [] []
[2013-05-28 22:32:53] Codeception.INFO: PASSED [] []
[2013-05-28 22:33:01] Codeception.INFO: PASSED [] []
[2013-05-28 22:33:02] Codeception.INFO: PASSED [] []
[2013-05-28 22:33:02] Codeception.INFO: PASSED [] []
[2013-05-28 22:34:08] Codeception.INFO: PASSED [] []
[2013-05-28 22:34:08] Codeception.INFO: PASSED [] []
[2013-05-28 22:34:08] Codeception.INFO: PASSED [] []
[2013-05-28 22:34:16] Codeception.INFO: PASSED [] []
[2013-05-28 22:34:16] Codeception.INFO: PASSED [] []
[2013-05-28 22:34:16] Codeception.INFO: PASSED [] []
[2013-05-28 22:34:16] Codeception.ALERT: Missing argument 1 for CController::__construct(), called in phar://C:/wamp/www/TuPagoDe2/codecept.phar/vendor/phpunit/phpunit-mock-objects/PHPUnit/Framework/MockObject/Generator.php on line 237 and defined [] []
[2013-05-28 22:34:16] Codeception.INFO: # ERROR # [] []
[2013-05-28 22:34:16] Codeception.INFO: PASSED [] []
[2013-05-28 22:34:46] Codeception.INFO: PASSED [] []
[2013-05-28 22:34:47] Codeception.INFO: PASSED [] []
[2013-05-28 22:34:47] Codeception.INFO: PASSED [] []
[2013-05-28 22:34:47] Codeception.ALERT: Failed asserting that null matches expected 'foo'. [] []
[2013-05-28 22:34:47] Codeception.INFO: # FAILED # [] []
[2013-05-28 22:34:47] Codeception.INFO: PASSED [] []
[2013-05-28 22:35:32] Codeception.INFO: PASSED [] []
[2013-05-28 22:35:32] Codeception.INFO: PASSED [] []
[2013-05-28 22:35:32] Codeception.INFO: PASSED [] []
[2013-05-28 22:35:32] Codeception.INFO: PASSED [] []
[2013-05-28 22:36:10] Codeception.INFO: PASSED [] []
[2013-05-28 22:36:10] Codeception.INFO: PASSED [] []
[2013-05-28 22:36:10] Codeception.INFO: PASSED [] []
[2013-05-28 22:36:10] Codeception.ALERT: Failed asserting that null matches expected 'rechazada'. [] []
[2013-05-28 22:36:10] Codeception.INFO: # FAILED # [] []
[2013-05-28 22:36:10] Codeception.INFO: PASSED [] []
[2013-05-28 22:36:26] Codeception.INFO: PASSED [] []
[2013-05-28 22:36:26] Codeception.INFO: PASSED [] []
[2013-05-28 22:36:26] Codeception.INFO: PASSED [] []
[2013-05-28 22:36:26] Codeception.INFO: PASSED [] []
[2013-05-28 22:36:55] Codeception.INFO: PASSED [] []
[2013-05-28 22:36:55] Codeception.INFO: PASSED [] []
[2013-05-28 22:36:55] Codeception.INFO: PASSED [] []
[2013-05-28 22:40:45] Codeception.INFO: PASSED [] []
[2013-05-28 22:40:45] Codeception.INFO: PASSED [] []
[2013-05-28 22:40:45] Codeception.INFO: PASSED [] []
[2013-05-28 22:41:59] Codeception.INFO: PASSED [] []
[2013-05-28 22:41:59] Codeception.INFO: PASSED [] []
[2013-05-28 22:41:59] Codeception.INFO: PASSED [] []
[2013-05-28 22:42:48] Codeception.INFO: PASSED [] []
[2013-05-28 22:42:48] Codeception.INFO: PASSED [] []
[2013-05-28 22:42:48] Codeception.INFO: PASSED [] []
[2013-05-28 22:42:55] Codeception.INFO: PASSED [] []
[2013-05-28 22:42:55] Codeception.INFO: PASSED [] []
[2013-05-28 22:42:55] Codeception.INFO: PASSED [] []
[2013-05-28 22:44:12] Codeception.ALERT: Failed asserting that null matches expected 'foo'. [] []
[2013-05-28 22:44:12] Codeception.INFO: # FAILED # [] []
[2013-05-28 22:44:12] Codeception.INFO: PASSED [] []
[2013-05-28 22:44:26] Codeception.ALERT: Failed asserting that two strings are equal. [] []
[2013-05-28 22:44:26] Codeception.INFO: # FAILED # [] []
[2013-05-28 22:44:26] Codeception.INFO: PASSED [] []
[2013-05-28 22:44:51] Codeception.ALERT: Failed asserting that two strings are equal. [] []
[2013-05-28 22:44:51] Codeception.INFO: # FAILED # [] []
[2013-05-28 22:44:51] Codeception.INFO: PASSED [] []
[2013-05-28 22:45:45] Codeception.INFO: PASSED [] []
[2013-05-28 22:46:14] Codeception.INFO: PASSED [] []
[2013-05-28 22:46:19] Codeception.INFO: PASSED [] []
[2013-05-28 22:46:19] Codeception.INFO: PASSED [] []
[2013-05-28 22:46:19] Codeception.INFO: PASSED [] []
[2013-05-28 22:46:19] Codeception.INFO: PASSED [] []
[2013-05-28 22:47:00] Codeception.INFO: PASSED [] []
[2013-05-28 22:47:00] Codeception.INFO: PASSED [] []
[2013-05-28 22:47:00] Codeception.INFO: PASSED [] []
[2013-05-28 22:47:00] Codeception.INFO: PASSED [] []
[2013-05-28 22:47:04] Codeception.INFO: PASSED [] []
