[2013-05-27 18:48:36] Codeception.INFO: PASSED [] []
[2013-05-27 18:49:11] Codeception.INFO: PASSED [] []
[2013-05-27 19:32:04] Codeception.INFO: PASSED [] []
[2013-05-27 19:32:24] Codeception.INFO: PASSED [] []
[2013-05-27 19:35:57] Codeception.INFO: PASSED [] []
[2013-05-27 19:50:35] Codeception.ALERT: include(SomeClass.php): failed to open stream: No such file or directory [] []
[2013-05-27 19:50:35] Codeception.INFO: # ERROR # [] []
[2013-05-27 19:50:35] Codeception.INFO: PASSED [] []
[2013-05-27 19:51:02] Codeception.ALERT: Missing argument 1 for CController::__construct(), called in phar://C:/wamp/www/TuPagoDe2/codecept.phar/vendor/phpunit/phpunit-mock-objects/PHPUnit/Framework/MockObject/Generator.php on line 237 and defined [] []
[2013-05-27 19:51:02] Codeception.INFO: # ERROR # [] []
[2013-05-27 19:51:02] Codeception.INFO: PASSED [] []
[2013-05-27 19:51:05] Codeception.ALERT: Missing argument 1 for CController::__construct(), called in phar://C:/wamp/www/TuPagoDe2/codecept.phar/vendor/phpunit/phpunit-mock-objects/PHPUnit/Framework/MockObject/Generator.php on line 237 and defined [] []
[2013-05-27 19:51:05] Codeception.INFO: # ERROR # [] []
[2013-05-27 19:51:05] Codeception.INFO: PASSED [] []
[2013-05-27 19:55:06] Codeception.ALERT: Missing argument 1 for CController::__construct(), called in phar://C:/wamp/www/TuPagoDe2/codecept.phar/vendor/phpunit/phpunit-mock-objects/PHPUnit/Framework/MockObject/Generator.php on line 237 and defined [] []
[2013-05-27 19:55:06] Codeception.INFO: # ERROR # [] []
[2013-05-27 19:55:06] Codeception.INFO: PASSED [] []
[2013-05-27 20:00:33] Codeception.INFO: PASSED [] []
[2013-05-27 20:02:56] Codeception.INFO: PASSED [] []
[2013-05-27 21:34:02] Codeception.INFO: PASSED [] []
[2013-05-27 21:34:02] Codeception.ALERT: Failed asserting that true is false. [] []
[2013-05-27 21:34:02] Codeception.INFO: # FAILED # [] []
[2013-05-27 21:34:02] Codeception.INFO: PASSED [] []
[2013-05-27 21:34:02] Codeception.INFO: PASSED [] []
[2013-05-27 21:34:02] Codeception.ALERT: Missing argument 1 for CController::__construct(), called in phar://C:/wamp/www/TuPagoDe2/codecept.phar/vendor/phpunit/phpunit-mock-objects/PHPUnit/Framework/MockObject/Generator.php on line 237 and defined [] []
[2013-05-27 21:34:02] Codeception.INFO: # ERROR # [] []
[2013-05-27 21:34:02] Codeception.INFO: PASSED [] []
[2013-05-27 21:34:11] Codeception.ALERT: CDbCommand failed to execute the SQL statement: SQLSTATE[23000]: Integrity constraint violation: 1062 Duplicate entry 'prueb12' for key 'PRIMARY'. The SQL statement executed was: INSERT INTO `merchant` (`merchant_id`, `nombre`) VALUES (:yp0, :yp1) [] []
[2013-05-27 21:34:11] Codeception.INFO: # ERROR # [] []
[2013-05-27 21:34:11] Codeception.INFO: PASSED [] []
[2013-05-27 21:34:11] Codeception.INFO: PASSED [] []
[2013-05-27 21:34:11] Codeception.INFO: PASSED [] []
[2013-05-27 21:34:11] Codeception.ALERT: Missing argument 1 for CController::__construct(), called in phar://C:/wamp/www/TuPagoDe2/codecept.phar/vendor/phpunit/phpunit-mock-objects/PHPUnit/Framework/MockObject/Generator.php on line 237 and defined [] []
[2013-05-27 21:34:11] Codeception.INFO: # ERROR # [] []
[2013-05-27 21:34:11] Codeception.INFO: PASSED [] []
[2013-05-27 21:40:19] Codeception.ALERT: CDbCommand failed to execute the SQL statement: SQLSTATE[23000]: Integrity constraint violation: 1062 Duplicate entry 'prueb12' for key 'PRIMARY'. The SQL statement executed was: INSERT INTO `merchant` (`merchant_id`, `nombre`) VALUES (:yp0, :yp1) [] []
[2013-05-27 21:40:19] Codeception.INFO: # ERROR # [] []
[2013-05-27 21:40:19] Codeception.INFO: PASSED [] []
[2013-05-27 21:40:19] Codeception.INFO: PASSED [] []
[2013-05-27 21:40:19] Codeception.INFO: PASSED [] []
[2013-05-27 21:40:19] Codeception.ALERT: Missing argument 1 for CController::__construct(), called in phar://C:/wamp/www/TuPagoDe2/codecept.phar/vendor/phpunit/phpunit-mock-objects/PHPUnit/Framework/MockObject/Generator.php on line 237 and defined [] []
[2013-05-27 21:40:19] Codeception.INFO: # ERROR # [] []
[2013-05-27 21:40:19] Codeception.INFO: PASSED [] []
[2013-05-27 21:41:50] Codeception.ALERT: CDbCommand failed to execute the SQL statement: SQLSTATE[23000]: Integrity constraint violation: 1062 Duplicate entry 'prueb12' for key 'PRIMARY'. The SQL statement executed was: INSERT INTO `merchant` (`merchant_id`, `nombre`) VALUES (:yp0, :yp1) [] []
[2013-05-27 21:41:50] Codeception.INFO: # ERROR # [] []
[2013-05-27 21:41:50] Codeception.INFO: PASSED [] []
[2013-05-27 21:41:50] Codeception.ALERT: Missing argument 1 for CController::__construct(), called in phar://C:/wamp/www/TuPagoDe2/codecept.phar/vendor/phpunit/phpunit-mock-objects/PHPUnit/Framework/MockObject/Generator.php on line 237 and defined [] []
[2013-05-27 21:41:50] Codeception.INFO: # ERROR # [] []
[2013-05-27 21:41:50] Codeception.INFO: PASSED [] []
[2013-05-27 21:42:56] Codeception.INFO: PASSED [] []
[2013-05-27 21:42:56] Codeception.ALERT: Missing argument 1 for CController::__construct(), called in phar://C:/wamp/www/TuPagoDe2/codecept.phar/vendor/phpunit/phpunit-mock-objects/PHPUnit/Framework/MockObject/Generator.php on line 237 and defined [] []
[2013-05-27 21:42:56] Codeception.INFO: # ERROR # [] []
[2013-05-27 21:42:56] Codeception.INFO: PASSED [] []
[2013-05-27 21:44:10] Codeception.INFO: PASSED [] []
[2013-05-27 21:44:10] Codeception.ALERT: Missing argument 1 for CController::__construct(), called in phar://C:/wamp/www/TuPagoDe2/codecept.phar/vendor/phpunit/phpunit-mock-objects/PHPUnit/Framework/MockObject/Generator.php on line 237 and defined [] []
[2013-05-27 21:44:10] Codeception.INFO: # ERROR # [] []
[2013-05-27 21:44:10] Codeception.INFO: PASSED [] []
[2013-05-27 21:45:24] Codeception.ALERT: CDbCommand failed to execute the SQL statement: SQLSTATE[23000]: Integrity constraint violation: 1062 Duplicate entry 'prueb12' for key 'PRIMARY'. The SQL statement executed was: INSERT INTO `merchant` (`merchant_id`, `nombre`) VALUES (:yp0, :yp1) [] []
[2013-05-27 21:45:24] Codeception.INFO: # ERROR # [] []
[2013-05-27 21:45:24] Codeception.INFO: PASSED [] []
[2013-05-27 21:45:25] Codeception.ALERT: Failed asserting that true is false. [] []
[2013-05-27 21:45:25] Codeception.INFO: # FAILED # [] []
[2013-05-27 21:45:25] Codeception.INFO: PASSED [] []
[2013-05-27 21:45:25] Codeception.ALERT: Missing argument 1 for CController::__construct(), called in phar://C:/wamp/www/TuPagoDe2/codecept.phar/vendor/phpunit/phpunit-mock-objects/PHPUnit/Framework/MockObject/Generator.php on line 237 and defined [] []
[2013-05-27 21:45:25] Codeception.INFO: # ERROR # [] []
[2013-05-27 21:45:25] Codeception.INFO: PASSED [] []
[2013-05-27 21:45:35] Codeception.ALERT: CDbCommand failed to execute the SQL statement: SQLSTATE[23000]: Integrity constraint violation: 1062 Duplicate entry 'prueb12' for key 'PRIMARY'. The SQL statement executed was: INSERT INTO `merchant` (`merchant_id`, `nombre`) VALUES (:yp0, :yp1) [] []
[2013-05-27 21:45:35] Codeception.INFO: # ERROR # [] []
[2013-05-27 21:45:35] Codeception.INFO: PASSED [] []
[2013-05-27 21:45:35] Codeception.INFO: PASSED [] []
[2013-05-27 21:45:35] Codeception.ALERT: Missing argument 1 for CController::__construct(), called in phar://C:/wamp/www/TuPagoDe2/codecept.phar/vendor/phpunit/phpunit-mock-objects/PHPUnit/Framework/MockObject/Generator.php on line 237 and defined [] []
[2013-05-27 21:45:35] Codeception.INFO: # ERROR # [] []
[2013-05-27 21:45:35] Codeception.INFO: PASSED [] []
[2013-05-27 21:49:43] Codeception.ALERT: CDbCommand failed to execute the SQL statement: SQLSTATE[23000]: Integrity constraint violation: 1062 Duplicate entry 'prueb12' for key 'PRIMARY'. The SQL statement executed was: INSERT INTO `merchant` (`merchant_id`, `nombre`) VALUES (:yp0, :yp1) [] []
[2013-05-27 21:49:43] Codeception.INFO: # ERROR # [] []
[2013-05-27 21:49:43] Codeception.INFO: PASSED [] []
[2013-05-27 21:49:43] Codeception.INFO: PASSED [] []
[2013-05-27 21:49:43] Codeception.ALERT: Missing argument 1 for CController::__construct(), called in phar://C:/wamp/www/TuPagoDe2/codecept.phar/vendor/phpunit/phpunit-mock-objects/PHPUnit/Framework/MockObject/Generator.php on line 237 and defined [] []
[2013-05-27 21:49:43] Codeception.INFO: # ERROR # [] []
[2013-05-27 21:49:43] Codeception.INFO: PASSED [] []
[2013-05-27 21:50:20] Codeception.ALERT: CDbCommand failed to execute the SQL statement: SQLSTATE[23000]: Integrity constraint violation: 1062 Duplicate entry 'prueb12' for key 'PRIMARY'. The SQL statement executed was: INSERT INTO `merchant` (`merchant_id`, `nombre`) VALUES (:yp0, :yp1) [] []
[2013-05-27 21:50:20] Codeception.INFO: # ERROR # [] []
[2013-05-27 21:50:20] Codeception.INFO: PASSED [] []
[2013-05-27 21:50:20] Codeception.INFO: PASSED [] []
[2013-05-27 21:50:20] Codeception.ALERT: Missing argument 1 for CController::__construct(), called in phar://C:/wamp/www/TuPagoDe2/codecept.phar/vendor/phpunit/phpunit-mock-objects/PHPUnit/Framework/MockObject/Generator.php on line 237 and defined [] []
[2013-05-27 21:50:20] Codeception.INFO: # ERROR # [] []
[2013-05-27 21:50:20] Codeception.INFO: PASSED [] []
[2013-05-27 22:00:11] Codeception.ALERT: CDbCommand failed to execute the SQL statement: SQLSTATE[23000]: Integrity constraint violation: 1062 Duplicate entry 'prueb12' for key 'PRIMARY'. The SQL statement executed was: INSERT INTO `merchant` (`merchant_id`, `nombre`) VALUES (:yp0, :yp1) [] []
[2013-05-27 22:00:11] Codeception.INFO: # ERROR # [] []
[2013-05-27 22:00:11] Codeception.INFO: PASSED [] []
[2013-05-27 22:00:11] Codeception.INFO: PASSED [] []
[2013-05-27 22:00:11] Codeception.ALERT: Missing argument 1 for CController::__construct(), called in phar://C:/wamp/www/TuPagoDe2/codecept.phar/vendor/phpunit/phpunit-mock-objects/PHPUnit/Framework/MockObject/Generator.php on line 237 and defined [] []
[2013-05-27 22:00:11] Codeception.INFO: # ERROR # [] []
[2013-05-27 22:00:11] Codeception.INFO: PASSED [] []
[2013-05-27 22:03:29] Codeception.ALERT: The table "merchant" for active record class "Merchant" cannot be found in the database. [] []
[2013-05-27 22:03:29] Codeception.INFO: # ERROR # [] []
[2013-05-27 22:03:29] Codeception.INFO: PASSED [] []
[2013-05-27 22:03:29] Codeception.ALERT: Trying to get property of non-object [] []
[2013-05-27 22:03:29] Codeception.INFO: # ERROR # [] []
[2013-05-27 22:03:29] Codeception.INFO: PASSED [] []
[2013-05-27 22:03:29] Codeception.ALERT: Missing argument 1 for CController::__construct(), called in phar://C:/wamp/www/TuPagoDe2/codecept.phar/vendor/phpunit/phpunit-mock-objects/PHPUnit/Framework/MockObject/Generator.php on line 237 and defined [] []
[2013-05-27 22:03:29] Codeception.INFO: # ERROR # [] []
[2013-05-27 22:03:29] Codeception.INFO: PASSED [] []
[2013-05-27 22:04:09] Codeception.ALERT: The table "merchant" for active record class "Merchant" cannot be found in the database. [] []
[2013-05-27 22:04:09] Codeception.INFO: # ERROR # [] []
[2013-05-27 22:04:09] Codeception.INFO: PASSED [] []
[2013-05-27 22:04:09] Codeception.ALERT: Trying to get property of non-object [] []
[2013-05-27 22:04:09] Codeception.INFO: # ERROR # [] []
[2013-05-27 22:04:09] Codeception.INFO: PASSED [] []
[2013-05-27 22:04:09] Codeception.ALERT: Missing argument 1 for CController::__construct(), called in phar://C:/wamp/www/TuPagoDe2/codecept.phar/vendor/phpunit/phpunit-mock-objects/PHPUnit/Framework/MockObject/Generator.php on line 237 and defined [] []
[2013-05-27 22:04:09] Codeception.INFO: # ERROR # [] []
[2013-05-27 22:04:09] Codeception.INFO: PASSED [] []
[2013-05-27 22:12:00] Codeception.ALERT: The table "merchant" for active record class "Merchant" cannot be found in the database. [] []
[2013-05-27 22:12:00] Codeception.INFO: # ERROR # [] []
[2013-05-27 22:12:00] Codeception.INFO: PASSED [] []
[2013-05-27 22:12:00] Codeception.ALERT: Trying to get property of non-object [] []
[2013-05-27 22:12:00] Codeception.INFO: # ERROR # [] []
[2013-05-27 22:12:00] Codeception.INFO: PASSED [] []
[2013-05-27 22:12:00] Codeception.ALERT: Missing argument 1 for CController::__construct(), called in phar://C:/wamp/www/TuPagoDe2/codecept.phar/vendor/phpunit/phpunit-mock-objects/PHPUnit/Framework/MockObject/Generator.php on line 237 and defined [] []
[2013-05-27 22:12:00] Codeception.INFO: # ERROR # [] []
[2013-05-27 22:12:00] Codeception.INFO: PASSED [] []
[2013-05-27 22:16:14] Codeception.ALERT: The table "merchant" for active record class "Merchant" cannot be found in the database. [] []
[2013-05-27 22:16:14] Codeception.INFO: # ERROR # [] []
[2013-05-27 22:16:14] Codeception.INFO: PASSED [] []
[2013-05-27 22:16:14] Codeception.ALERT: Trying to get property of non-object [] []
[2013-05-27 22:16:14] Codeception.INFO: # ERROR # [] []
[2013-05-27 22:16:14] Codeception.INFO: PASSED [] []
[2013-05-27 22:16:14] Codeception.ALERT: Missing argument 1 for CController::__construct(), called in phar://C:/wamp/www/TuPagoDe2/codecept.phar/vendor/phpunit/phpunit-mock-objects/PHPUnit/Framework/MockObject/Generator.php on line 237 and defined [] []
[2013-05-27 22:16:14] Codeception.INFO: # ERROR # [] []
[2013-05-27 22:16:14] Codeception.INFO: PASSED [] []
[2013-05-27 22:16:51] Codeception.INFO: PASSED [] []
[2013-05-27 22:16:51] Codeception.ALERT: Failed asserting that true is false. [] []
[2013-05-27 22:16:51] Codeception.INFO: # FAILED # [] []
[2013-05-27 22:16:51] Codeception.INFO: PASSED [] []
[2013-05-27 22:16:51] Codeception.ALERT: Missing argument 1 for CController::__construct(), called in phar://C:/wamp/www/TuPagoDe2/codecept.phar/vendor/phpunit/phpunit-mock-objects/PHPUnit/Framework/MockObject/Generator.php on line 237 and defined [] []
[2013-05-27 22:16:51] Codeception.INFO: # ERROR # [] []
[2013-05-27 22:16:51] Codeception.INFO: PASSED [] []
[2013-05-27 22:16:59] Codeception.ALERT: CDbCommand failed to execute the SQL statement: SQLSTATE[23000]: Integrity constraint violation: 1062 Duplicate entry 'prueb12' for key 'PRIMARY'. The SQL statement executed was: INSERT INTO `merchant` (`merchant_id`, `nombre`) VALUES (:yp0, :yp1) [] []
[2013-05-27 22:16:59] Codeception.INFO: # ERROR # [] []
[2013-05-27 22:16:59] Codeception.INFO: PASSED [] []
[2013-05-27 22:16:59] Codeception.INFO: PASSED [] []
[2013-05-27 22:16:59] Codeception.ALERT: Missing argument 1 for CController::__construct(), called in phar://C:/wamp/www/TuPagoDe2/codecept.phar/vendor/phpunit/phpunit-mock-objects/PHPUnit/Framework/MockObject/Generator.php on line 237 and defined [] []
[2013-05-27 22:16:59] Codeception.INFO: # ERROR # [] []
[2013-05-27 22:16:59] Codeception.INFO: PASSED [] []
[2013-05-27 22:18:09] Codeception.ALERT: CDbCommand failed to execute the SQL statement: SQLSTATE[23000]: Integrity constraint violation: 1062 Duplicate entry 'prueb12' for key 'PRIMARY'. The SQL statement executed was: INSERT INTO `merchant` (`merchant_id`, `nombre`) VALUES (:yp0, :yp1) [] []
[2013-05-27 22:18:09] Codeception.INFO: # ERROR # [] []
[2013-05-27 22:18:09] Codeception.INFO: PASSED [] []
[2013-05-27 22:18:09] Codeception.INFO: PASSED [] []
[2013-05-27 22:18:09] Codeception.ALERT: Missing argument 1 for CController::__construct(), called in phar://C:/wamp/www/TuPagoDe2/codecept.phar/vendor/phpunit/phpunit-mock-objects/PHPUnit/Framework/MockObject/Generator.php on line 237 and defined [] []
[2013-05-27 22:18:09] Codeception.INFO: # ERROR # [] []
[2013-05-27 22:18:09] Codeception.INFO: PASSED [] []
[2013-05-27 22:18:46] Codeception.ALERT: CDbCommand failed to execute the SQL statement: SQLSTATE[23000]: Integrity constraint violation: 1062 Duplicate entry 'prueb12' for key 'PRIMARY'. The SQL statement executed was: INSERT INTO `merchant` (`merchant_id`, `nombre`) VALUES (:yp0, :yp1) [] []
[2013-05-27 22:18:46] Codeception.INFO: # ERROR # [] []
[2013-05-27 22:18:46] Codeception.INFO: PASSED [] []
[2013-05-27 22:18:46] Codeception.INFO: PASSED [] []
[2013-05-27 22:18:46] Codeception.ALERT: Missing argument 1 for CController::__construct(), called in phar://C:/wamp/www/TuPagoDe2/codecept.phar/vendor/phpunit/phpunit-mock-objects/PHPUnit/Framework/MockObject/Generator.php on line 237 and defined [] []
[2013-05-27 22:18:46] Codeception.INFO: # ERROR # [] []
[2013-05-27 22:18:46] Codeception.INFO: PASSED [] []
[2013-05-27 22:19:20] Codeception.ALERT: CDbCommand failed to execute the SQL statement: SQLSTATE[23000]: Integrity constraint violation: 1062 Duplicate entry 'prueb12' for key 'PRIMARY'. The SQL statement executed was: INSERT INTO `merchant` (`merchant_id`, `nombre`) VALUES (:yp0, :yp1) [] []
[2013-05-27 22:19:20] Codeception.INFO: # ERROR # [] []
[2013-05-27 22:19:20] Codeception.INFO: PASSED [] []
[2013-05-27 22:19:20] Codeception.INFO: PASSED [] []
[2013-05-27 22:19:20] Codeception.ALERT: Missing argument 1 for CController::__construct(), called in phar://C:/wamp/www/TuPagoDe2/codecept.phar/vendor/phpunit/phpunit-mock-objects/PHPUnit/Framework/MockObject/Generator.php on line 237 and defined [] []
[2013-05-27 22:19:20] Codeception.INFO: # ERROR # [] []
[2013-05-27 22:19:20] Codeception.INFO: PASSED [] []
[2013-05-27 22:26:10] Codeception.ALERT: CDbCommand failed to execute the SQL statement: SQLSTATE[23000]: Integrity constraint violation: 1062 Duplicate entry 'prueb12' for key 'PRIMARY'. The SQL statement executed was: INSERT INTO `merchant` (`merchant_id`, `nombre`) VALUES (:yp0, :yp1) [] []
[2013-05-27 22:26:10] Codeception.INFO: # ERROR # [] []
[2013-05-27 22:26:10] Codeception.INFO: PASSED [] []
[2013-05-27 22:26:10] Codeception.INFO: PASSED [] []
[2013-05-27 22:26:10] Codeception.ALERT: Missing argument 1 for CController::__construct(), called in phar://C:/wamp/www/TuPagoDe2/codecept.phar/vendor/phpunit/phpunit-mock-objects/PHPUnit/Framework/MockObject/Generator.php on line 237 and defined [] []
[2013-05-27 22:26:10] Codeception.INFO: # ERROR # [] []
[2013-05-27 22:26:10] Codeception.INFO: PASSED [] []
[2013-05-27 22:27:43] Codeception.INFO: PASSED [] []
[2013-05-27 22:27:43] Codeception.ALERT: Failed asserting that true is false. [] []
[2013-05-27 22:27:43] Codeception.INFO: # FAILED # [] []
[2013-05-27 22:27:43] Codeception.INFO: PASSED [] []
[2013-05-27 22:27:43] Codeception.ALERT: Missing argument 1 for CController::__construct(), called in phar://C:/wamp/www/TuPagoDe2/codecept.phar/vendor/phpunit/phpunit-mock-objects/PHPUnit/Framework/MockObject/Generator.php on line 237 and defined [] []
[2013-05-27 22:27:43] Codeception.INFO: # ERROR # [] []
[2013-05-27 22:27:43] Codeception.INFO: PASSED [] []
[2013-05-27 22:27:53] Codeception.INFO: PASSED [] []
[2013-05-27 22:27:53] Codeception.ALERT: Failed asserting that true is false. [] []
[2013-05-27 22:27:53] Codeception.INFO: # FAILED # [] []
[2013-05-27 22:27:53] Codeception.INFO: PASSED [] []
[2013-05-27 22:27:53] Codeception.ALERT: Missing argument 1 for CController::__construct(), called in phar://C:/wamp/www/TuPagoDe2/codecept.phar/vendor/phpunit/phpunit-mock-objects/PHPUnit/Framework/MockObject/Generator.php on line 237 and defined [] []
[2013-05-27 22:27:53] Codeception.INFO: # ERROR # [] []
[2013-05-27 22:27:53] Codeception.INFO: PASSED [] []
[2013-05-27 22:29:04] Codeception.INFO: PASSED [] []
[2013-05-27 22:29:04] Codeception.ALERT: Failed asserting that true is false. [] []
[2013-05-27 22:29:04] Codeception.INFO: # FAILED # [] []
[2013-05-27 22:29:04] Codeception.INFO: PASSED [] []
[2013-05-27 22:29:04] Codeception.INFO: PASSED [] []
[2013-05-27 22:30:12] Codeception.INFO: PASSED [] []
[2013-05-27 22:30:12] Codeception.INFO: PASSED [] []
[2013-05-27 22:30:12] Codeception.INFO: PASSED [] []
[2013-05-27 22:30:52] Codeception.INFO: PASSED [] []
[2013-05-27 22:30:52] Codeception.INFO: PASSED [] []
[2013-05-27 22:30:52] Codeception.INFO: PASSED [] []
[2013-05-27 22:31:10] Codeception.INFO: PASSED [] []
[2013-05-27 22:31:10] Codeception.INFO: PASSED [] []
[2013-05-27 22:31:10] Codeception.INFO: PASSED [] []
[2013-05-27 22:31:56] Codeception.INFO: PASSED [] []
[2013-05-27 22:31:56] Codeception.INFO: PASSED [] []
[2013-05-27 22:31:56] Codeception.INFO: PASSED [] []
[2013-05-27 22:32:15] Codeception.INFO: PASSED [] []
[2013-05-27 22:32:15] Codeception.INFO: PASSED [] []
[2013-05-27 22:32:15] Codeception.INFO: PASSED [] []
[2013-05-27 22:32:37] Codeception.INFO: PASSED [] []
[2013-05-27 22:32:37] Codeception.INFO: PASSED [] []
[2013-05-27 22:32:37] Codeception.INFO: PASSED [] []
[2013-05-27 22:32:41] Codeception.INFO: PASSED [] []
[2013-05-27 22:32:41] Codeception.INFO: PASSED [] []
[2013-05-27 22:32:41] Codeception.INFO: PASSED [] []
[2013-05-27 22:33:21] Codeception.INFO: PASSED [] []
[2013-05-27 22:33:21] Codeception.INFO: PASSED [] []
[2013-05-27 22:33:21] Codeception.INFO: PASSED [] []
[2013-05-27 22:33:56] Codeception.INFO: PASSED [] []
[2013-05-27 22:33:56] Codeception.INFO: PASSED [] []
[2013-05-27 22:33:56] Codeception.INFO: PASSED [] []
[2013-05-27 22:33:59] Codeception.INFO: PASSED [] []
[2013-05-27 22:33:59] Codeception.INFO: PASSED [] []
[2013-05-27 22:33:59] Codeception.INFO: PASSED [] []
[2013-05-27 22:34:19] Codeception.INFO: PASSED [] []
[2013-05-27 22:34:19] Codeception.INFO: PASSED [] []
[2013-05-27 22:34:19] Codeception.INFO: PASSED [] []
[2013-05-27 22:34:39] Codeception.INFO: PASSED [] []
[2013-05-27 22:34:39] Codeception.INFO: PASSED [] []
[2013-05-27 22:34:39] Codeception.INFO: PASSED [] []
[2013-05-27 22:35:04] Codeception.INFO: PASSED [] []
[2013-05-27 22:35:04] Codeception.INFO: PASSED [] []
[2013-05-27 22:35:04] Codeception.INFO: PASSED [] []
[2013-05-27 22:36:19] Codeception.INFO: PASSED [] []
[2013-05-27 22:36:19] Codeception.INFO: PASSED [] []
[2013-05-27 22:36:19] Codeception.INFO: PASSED [] []
[2013-05-27 22:36:31] Codeception.INFO: PASSED [] []
[2013-05-27 22:36:31] Codeception.INFO: PASSED [] []
[2013-05-27 22:36:31] Codeception.INFO: PASSED [] []
[2013-05-27 22:37:03] Codeception.INFO: PASSED [] []
[2013-05-27 22:37:03] Codeception.INFO: PASSED [] []
[2013-05-27 22:37:03] Codeception.INFO: PASSED [] []
[2013-05-27 22:38:09] Codeception.INFO: PASSED [] []
[2013-05-27 22:38:09] Codeception.INFO: PASSED [] []
[2013-05-27 22:38:09] Codeception.INFO: PASSED [] []
[2013-05-27 22:39:00] Codeception.INFO: PASSED [] []
[2013-05-27 22:39:00] Codeception.INFO: PASSED [] []
[2013-05-27 22:39:00] Codeception.INFO: PASSED [] []
[2013-05-27 22:39:16] Codeception.INFO: PASSED [] []
[2013-05-27 22:39:16] Codeception.INFO: PASSED [] []
[2013-05-27 22:39:16] Codeception.INFO: PASSED [] []
[2013-05-27 22:39:34] Codeception.INFO: PASSED [] []
[2013-05-27 22:39:34] Codeception.INFO: PASSED [] []
[2013-05-27 22:39:34] Codeception.INFO: PASSED [] []
[2013-05-27 22:39:57] Codeception.INFO: PASSED [] []
[2013-05-27 22:39:57] Codeception.INFO: PASSED [] []
[2013-05-27 22:39:57] Codeception.INFO: PASSED [] []
[2013-05-27 22:41:05] Codeception.INFO: PASSED [] []
[2013-05-27 22:41:05] Codeception.INFO: PASSED [] []
[2013-05-27 22:41:05] Codeception.INFO: PASSED [] []
[2013-05-27 22:42:04] Codeception.INFO: PASSED [] []
[2013-05-27 22:42:04] Codeception.INFO: PASSED [] []
[2013-05-27 22:42:04] Codeception.INFO: PASSED [] []
[2013-05-27 22:42:16] Codeception.INFO: PASSED [] []
[2013-05-27 22:42:16] Codeception.INFO: PASSED [] []
[2013-05-27 22:42:16] Codeception.INFO: PASSED [] []
[2013-05-27 22:42:47] Codeception.INFO: PASSED [] []
[2013-05-27 22:42:47] Codeception.INFO: PASSED [] []
[2013-05-27 22:42:47] Codeception.INFO: PASSED [] []
[2013-05-27 22:43:12] Codeception.INFO: PASSED [] []
[2013-05-27 22:43:12] Codeception.INFO: PASSED [] []
[2013-05-27 22:43:12] Codeception.INFO: PASSED [] []
[2013-05-27 22:43:34] Codeception.INFO: PASSED [] []
[2013-05-27 22:43:34] Codeception.INFO: PASSED [] []
[2013-05-27 22:43:34] Codeception.INFO: PASSED [] []
[2013-05-27 22:43:47] Codeception.INFO: PASSED [] []
[2013-05-27 22:43:47] Codeception.INFO: PASSED [] []
[2013-05-27 22:43:47] Codeception.INFO: PASSED [] []
[2013-05-27 22:44:24] Codeception.INFO: PASSED [] []
[2013-05-27 22:44:24] Codeception.INFO: PASSED [] []
[2013-05-27 22:44:24] Codeception.INFO: PASSED [] []
[2013-05-27 22:44:38] Codeception.INFO: PASSED [] []
[2013-05-27 22:44:38] Codeception.INFO: PASSED [] []
[2013-05-27 22:44:38] Codeception.INFO: PASSED [] []
[2013-05-27 22:44:58] Codeception.INFO: PASSED [] []
[2013-05-27 22:44:58] Codeception.INFO: PASSED [] []
[2013-05-27 22:44:58] Codeception.INFO: PASSED [] []
[2013-05-27 22:45:32] Codeception.INFO: PASSED [] []
[2013-05-27 22:45:33] Codeception.INFO: PASSED [] []
[2013-05-27 22:45:33] Codeception.INFO: PASSED [] []
[2013-05-27 22:45:36] Codeception.INFO: PASSED [] []
[2013-05-27 22:45:36] Codeception.INFO: PASSED [] []
[2013-05-27 22:45:36] Codeception.INFO: PASSED [] []
[2013-05-27 22:45:46] Codeception.INFO: PASSED [] []
[2013-05-27 22:45:46] Codeception.INFO: PASSED [] []
[2013-05-27 22:45:46] Codeception.INFO: PASSED [] []
[2013-05-27 22:46:16] Codeception.INFO: PASSED [] []
[2013-05-27 22:46:16] Codeception.INFO: PASSED [] []
[2013-05-27 22:46:16] Codeception.INFO: PASSED [] []
[2013-05-27 22:46:35] Codeception.INFO: PASSED [] []
[2013-05-27 22:46:35] Codeception.INFO: PASSED [] []
[2013-05-27 22:46:35] Codeception.INFO: PASSED [] []
[2013-05-27 22:46:55] Codeception.INFO: PASSED [] []
[2013-05-27 22:46:56] Codeception.INFO: PASSED [] []
[2013-05-27 22:46:56] Codeception.INFO: PASSED [] []
[2013-05-27 22:48:53] Codeception.INFO: PASSED [] []
[2013-05-27 22:48:53] Codeception.INFO: PASSED [] []
[2013-05-27 22:48:53] Codeception.INFO: PASSED [] []
[2013-05-27 22:49:25] Codeception.INFO: PASSED [] []
[2013-05-27 22:49:25] Codeception.INFO: PASSED [] []
[2013-05-27 22:49:25] Codeception.INFO: PASSED [] []
[2013-05-27 22:50:39] Codeception.INFO: PASSED [] []
[2013-05-27 22:50:40] Codeception.INFO: PASSED [] []
[2013-05-27 22:50:40] Codeception.INFO: PASSED [] []
[2013-05-27 22:51:20] Codeception.INFO: PASSED [] []
[2013-05-27 22:51:20] Codeception.INFO: PASSED [] []
[2013-05-27 22:51:20] Codeception.INFO: PASSED [] []
[2013-05-27 22:51:20] Codeception.ALERT: Missing argument 1 for CController::__construct(), called in phar://C:/wamp/www/TuPagoDe2/codecept.phar/vendor/phpunit/phpunit-mock-objects/PHPUnit/Framework/MockObject/Generator.php on line 237 and defined [] []
[2013-05-27 22:51:20] Codeception.INFO: # ERROR # [] []
[2013-05-27 22:51:20] Codeception.INFO: PASSED [] []
[2013-05-27 22:52:32] Codeception.INFO: PASSED [] []
[2013-05-27 22:52:32] Codeception.INFO: PASSED [] []
[2013-05-27 22:52:32] Codeception.INFO: PASSED [] []
[2013-05-27 22:52:32] Codeception.ALERT: Missing argument 1 for CController::__construct(), called in phar://C:/wamp/www/TuPagoDe2/codecept.phar/vendor/phpunit/phpunit-mock-objects/PHPUnit/Framework/MockObject/Generator.php on line 237 and defined [] []
[2013-05-27 22:52:32] Codeception.INFO: # ERROR # [] []
[2013-05-27 22:52:32] Codeception.INFO: PASSED [] []
[2013-05-27 22:53:18] Codeception.INFO: PASSED [] []
[2013-05-27 22:53:18] Codeception.INFO: PASSED [] []
[2013-05-27 22:53:18] Codeception.INFO: PASSED [] []
[2013-05-27 22:53:18] Codeception.ALERT: Property "Mock_TransactionController_ae1d6e00.__mocked" is not defined. [] []
[2013-05-27 22:53:18] Codeception.INFO: # ERROR # [] []
[2013-05-27 22:53:18] Codeception.INFO: PASSED [] []
[2013-05-27 22:55:28] Codeception.INFO: PASSED [] []
[2013-05-27 22:55:28] Codeception.INFO: PASSED [] []
[2013-05-27 22:55:28] Codeception.INFO: PASSED [] []
[2013-05-27 22:55:28] Codeception.INFO: PASSED [] []
[2013-05-27 22:55:41] Codeception.INFO: PASSED [] []
[2013-05-27 22:55:41] Codeception.INFO: PASSED [] []
[2013-05-27 22:55:41] Codeception.INFO: PASSED [] []
[2013-05-27 22:55:41] Codeception.INFO: PASSED [] []
[2013-05-27 22:55:49] Codeception.INFO: PASSED [] []
[2013-05-27 22:55:49] Codeception.INFO: PASSED [] []
[2013-05-27 22:55:49] Codeception.INFO: PASSED [] []
[2013-05-27 22:55:50] Codeception.ALERT: null does not match expected type "object". [] []
[2013-05-27 22:55:50] Codeception.INFO: # FAILED # [] []
[2013-05-27 22:55:50] Codeception.INFO: PASSED [] []
[2013-05-27 22:59:40] Codeception.INFO: PASSED [] []
[2013-05-27 22:59:40] Codeception.INFO: PASSED [] []
[2013-05-27 22:59:40] Codeception.INFO: PASSED [] []
[2013-05-27 22:59:40] Codeception.ALERT: Missing argument 1 for CController::__construct(), called in phar://C:/wamp/www/TuPagoDe2/codecept.phar/vendor/phpunit/phpunit-mock-objects/PHPUnit/Framework/MockObject/Generator.php on line 237 and defined [] []
[2013-05-27 22:59:40] Codeception.INFO: # ERROR # [] []
[2013-05-27 22:59:40] Codeception.INFO: PASSED [] []
[2013-05-27 22:59:48] Codeception.INFO: PASSED [] []
[2013-05-27 22:59:48] Codeception.INFO: PASSED [] []
[2013-05-27 22:59:48] Codeception.INFO: PASSED [] []
[2013-05-27 22:59:48] Codeception.ALERT: null does not match expected type "object". [] []
[2013-05-27 22:59:48] Codeception.INFO: # FAILED # [] []
[2013-05-27 22:59:48] Codeception.INFO: PASSED [] []
[2013-05-27 23:00:06] Codeception.INFO: PASSED [] []
[2013-05-27 23:00:06] Codeception.INFO: PASSED [] []
[2013-05-27 23:00:06] Codeception.INFO: PASSED [] []
[2013-05-27 23:00:06] Codeception.INFO: PASSED [] []
[2013-05-27 23:01:20] Codeception.INFO: PASSED [] []
[2013-05-27 23:01:20] Codeception.INFO: PASSED [] []
[2013-05-27 23:01:20] Codeception.INFO: PASSED [] []
[2013-05-27 23:01:20] Codeception.ALERT: Failed asserting that null matches expected 'foo'. [] []
[2013-05-27 23:01:20] Codeception.INFO: # FAILED # [] []
[2013-05-27 23:01:20] Codeception.INFO: PASSED [] []
[2013-05-27 23:01:52] Codeception.INFO: PASSED [] []
[2013-05-27 23:01:52] Codeception.INFO: PASSED [] []
[2013-05-27 23:01:52] Codeception.INFO: PASSED [] []
[2013-05-27 23:01:52] Codeception.ALERT: Failed asserting that null matches expected 'foo'. [] []
[2013-05-27 23:01:52] Codeception.INFO: # FAILED # [] []
[2013-05-27 23:01:52] Codeception.INFO: PASSED [] []
[2013-05-27 23:02:27] Codeception.INFO: PASSED [] []
[2013-05-27 23:02:27] Codeception.INFO: PASSED [] []
[2013-05-27 23:02:27] Codeception.INFO: PASSED [] []
[2013-05-27 23:02:27] Codeception.ALERT: Failed asserting that null matches expected 'foo'. [] []
[2013-05-27 23:02:27] Codeception.INFO: # FAILED # [] []
[2013-05-27 23:02:27] Codeception.INFO: PASSED [] []
[2013-05-27 23:02:38] Codeception.INFO: PASSED [] []
[2013-05-27 23:02:38] Codeception.INFO: PASSED [] []
[2013-05-27 23:02:38] Codeception.INFO: PASSED [] []
[2013-05-27 23:02:38] Codeception.ALERT: Failed asserting that null matches expected 'foo'. [] []
[2013-05-27 23:02:38] Codeception.INFO: # FAILED # [] []
[2013-05-27 23:02:38] Codeception.INFO: PASSED [] []
[2013-05-27 23:05:56] Codeception.INFO: PASSED [] []
[2013-05-27 23:05:56] Codeception.INFO: PASSED [] []
[2013-05-27 23:05:56] Codeception.INFO: PASSED [] []
[2013-05-27 23:05:56] Codeception.ALERT: The SOAP extension is required to generate a mock object from WSDL. [] []
[2013-05-27 23:05:56] Codeception.INFO: # ERROR # [] []
[2013-05-27 23:05:56] Codeception.INFO: PASSED [] []
