[2013-05-27 15:35:13] TransactionControllerTest::testMe.INFO: PASSED [] []
[2013-05-27 15:42:26] TransactionControllerTest::testMe.INFO: PASSED [] []
[2013-05-27 15:53:51] TransactionControllerTest::testMe.INFO: PASSED [] []
[2013-05-27 16:39:31] TransactionControllerTest::testMe.ALERT: Stubbed class Transaction doesn't exist. [] []
[2013-05-27 16:39:31] TransactionControllerTest::testMe.INFO: # ERROR # [] []
[2013-05-27 16:39:31] TransactionControllerTest::testMe.INFO: PASSED [] []
[2013-05-27 16:40:15] TransactionControllerTest::testMe.ALERT: Stubbed class TransactionController doesn't exist. [] []
[2013-05-27 16:40:15] TransactionControllerTest::testMe.INFO: # ERROR # [] []
[2013-05-27 16:40:15] TransactionControllerTest::testMe.INFO: PASSED [] []
[2013-05-27 17:23:59] TransactionControllerTest::testMe.ALERT: Stubbed class TransactionController doesn't exist. [] []
[2013-05-27 17:23:59] TransactionControllerTest::testMe.INFO: # ERROR # [] []
[2013-05-27 17:23:59] TransactionControllerTest::testMe.INFO: PASSED [] []
[2013-05-27 17:25:11] TransactionControllerTest::testMe.ALERT: Stubbed class TransactionController doesn't exist. [] []
[2013-05-27 17:25:11] TransactionControllerTest::testMe.INFO: # ERROR # [] []
[2013-05-27 17:25:11] TransactionControllerTest::testMe.INFO: PASSED [] []
[2013-05-27 17:26:41] TransactionControllerTest::testMe.ALERT: Stubbed class TransactionController doesn't exist. [] []
[2013-05-27 17:26:41] TransactionControllerTest::testMe.INFO: # ERROR # [] []
[2013-05-27 17:26:41] TransactionControllerTest::testMe.INFO: PASSED [] []
[2013-05-27 17:29:20] TransactionControllerTest::testMe.ALERT: Stubbed class TransactionController doesn't exist. [] []
[2013-05-27 17:29:20] TransactionControllerTest::testMe.INFO: # ERROR # [] []
[2013-05-27 17:29:20] TransactionControllerTest::testMe.INFO: PASSED [] []
[2013-05-27 18:20:51] TransactionControllerTest::testMe.ALERT: Stubbed class TransactionController doesn't exist. [] []
[2013-05-27 18:20:51] TransactionControllerTest::testMe.INFO: # ERROR # [] []
[2013-05-27 18:20:51] TransactionControllerTest::testMe.INFO: PASSED [] []
[2013-05-27 18:26:28] TransactionControllerTest::testMe.ALERT: Stubbed class TransactionController doesn't exist. [] []
[2013-05-27 18:26:28] TransactionControllerTest::testMe.INFO: # ERROR # [] []
[2013-05-27 18:26:28] TransactionControllerTest::testMe.INFO: PASSED [] []
[2013-05-27 18:27:33] TransactionControllerTest::testMe.ALERT: Stubbed class TransactionController doesn't exist. [] []
[2013-05-27 18:27:33] TransactionControllerTest::testMe.INFO: # ERROR # [] []
[2013-05-27 18:27:33] TransactionControllerTest::testMe.INFO: PASSED [] []
[2013-05-27 18:34:22] TransactionControllerTest::testMe.ALERT: Stubbed class TransactionController doesn't exist. [] []
[2013-05-27 18:34:22] TransactionControllerTest::testMe.INFO: # ERROR # [] []
[2013-05-27 18:34:22] TransactionControllerTest::testMe.INFO: PASSED [] []
[2013-05-27 21:34:02] TransactionTest::testSaveTransaction.INFO: PASSED [] []
[2013-05-27 21:34:02] TransactionTest::testUniqueTransaction.ALERT: Failed asserting that true is false. [] []
[2013-05-27 21:34:02] TransactionTest::testUniqueTransaction.INFO: # FAILED # [] []
[2013-05-27 21:34:11] TransactionTest::testSaveTransaction.ALERT: CDbCommand failed to execute the SQL statement: SQLSTATE[23000]: Integrity constraint violation: 1062 Duplicate entry '1232332' for key 'PRIMARY'. The SQL statement executed was: INSERT INTO `transaction` (`merchant_usn`, `amount`, `nit`, `trans_status`, `message`, `payment_type`, `order_id`) VALUES (:yp0, :yp1, :yp2, :yp3, :yp4, :yp5, :yp6) [] []
[2013-05-27 21:34:11] TransactionTest::testSaveTransaction.INFO: # ERROR # [] []
[2013-05-27 21:34:11] TransactionTest::testSaveTransaction.INFO: PASSED [] []
[2013-05-27 21:34:11] TransactionTest::testUniqueTransaction.INFO: PASSED [] []
[2013-05-27 21:34:11] TransactionTest::testUpdateTransaction.ALERT: Creating default object from empty value [] []
[2013-05-27 21:34:11] TransactionTest::testUpdateTransaction.INFO: # ERROR # [] []
[2013-05-27 21:34:11] TransactionTest::testUpdateTransaction.INFO: PASSED [] []
[2013-05-27 21:34:11] TransactionTest::testMissingParameters.INFO: PASSED [] []
[2013-05-27 21:34:11] TransactionTest::testItsApproveTransaction.ALERT: CDbCommand failed to execute the SQL statement: SQLSTATE[23000]: Integrity constraint violation: 1062 Duplicate entry '1232332' for key 'PRIMARY'. The SQL statement executed was: INSERT INTO `transaction` (`merchant_usn`, `amount`, `nit`, `trans_status`, `message`, `payment_type`, `order_id`) VALUES (:yp0, :yp1, :yp2, :yp3, :yp4, :yp5, :yp6) [] []
[2013-05-27 21:34:11] TransactionTest::testItsApproveTransaction.INFO: # ERROR # [] []
[2013-05-27 21:34:11] TransactionTest::testItsApproveTransaction.INFO: PASSED [] []
[2013-05-27 21:40:19] TransactionTest::testSaveTransaction.ALERT: CDbCommand failed to execute the SQL statement: SQLSTATE[23000]: Integrity constraint violation: 1062 Duplicate entry '1232332' for key 'PRIMARY'. The SQL statement executed was: INSERT INTO `transaction` (`merchant_usn`, `amount`, `nit`, `trans_status`, `message`, `payment_type`, `order_id`) VALUES (:yp0, :yp1, :yp2, :yp3, :yp4, :yp5, :yp6) [] []
[2013-05-27 21:40:19] TransactionTest::testSaveTransaction.INFO: # ERROR # [] []
[2013-05-27 21:40:19] TransactionTest::testSaveTransaction.INFO: PASSED [] []
[2013-05-27 21:40:19] TransactionTest::testUniqueTransaction.INFO: PASSED [] []
[2013-05-27 21:40:19] TransactionTest::testUpdateTransaction.ALERT: Creating default object from empty value [] []
[2013-05-27 21:40:19] TransactionTest::testUpdateTransaction.INFO: # ERROR # [] []
[2013-05-27 21:40:19] TransactionTest::testUpdateTransaction.INFO: PASSED [] []
[2013-05-27 21:40:19] TransactionTest::testMissingParameters.INFO: PASSED [] []
[2013-05-27 21:40:19] TransactionTest::testItsApproveTransaction.ALERT: CDbCommand failed to execute the SQL statement: SQLSTATE[23000]: Integrity constraint violation: 1062 Duplicate entry '1232332' for key 'PRIMARY'. The SQL statement executed was: INSERT INTO `transaction` (`merchant_usn`, `amount`, `nit`, `trans_status`, `message`, `payment_type`, `order_id`) VALUES (:yp0, :yp1, :yp2, :yp3, :yp4, :yp5, :yp6) [] []
[2013-05-27 21:40:19] TransactionTest::testItsApproveTransaction.INFO: # ERROR # [] []
[2013-05-27 21:40:19] TransactionTest::testItsApproveTransaction.INFO: PASSED [] []
[2013-05-27 21:41:50] TransactionTest::testSaveTransaction.ALERT: CDbCommand failed to execute the SQL statement: SQLSTATE[23000]: Integrity constraint violation: 1062 Duplicate entry '1232332' for key 'PRIMARY'. The SQL statement executed was: INSERT INTO `transaction` (`merchant_usn`, `amount`, `nit`, `trans_status`, `message`, `payment_type`, `order_id`) VALUES (:yp0, :yp1, :yp2, :yp3, :yp4, :yp5, :yp6) [] []
[2013-05-27 21:41:50] TransactionTest::testSaveTransaction.INFO: # ERROR # [] []
[2013-05-27 21:41:50] TransactionTest::testSaveTransaction.INFO: PASSED [] []
[2013-05-27 21:42:56] TransactionTest::testSaveTransaction.ALERT: The table "transaction" for active record class "Transaction" cannot be found in the database. [] []
[2013-05-27 21:42:56] TransactionTest::testSaveTransaction.INFO: # ERROR # [] []
[2013-05-27 21:42:56] TransactionTest::testSaveTransaction.INFO: PASSED [] []
[2013-05-27 21:44:10] TransactionTest::testSaveTransaction.INFO: PASSED [] []
[2013-05-27 21:45:25] TransactionTest::testSaveTransaction.ALERT: CDbCommand failed to execute the SQL statement: SQLSTATE[23000]: Integrity constraint violation: 1062 Duplicate entry '1232332' for key 'PRIMARY'. The SQL statement executed was: INSERT INTO `transaction` (`merchant_usn`, `amount`, `nit`, `trans_status`, `message`, `payment_type`, `order_id`) VALUES (:yp0, :yp1, :yp2, :yp3, :yp4, :yp5, :yp6) [] []
[2013-05-27 21:45:25] TransactionTest::testSaveTransaction.INFO: # ERROR # [] []
[2013-05-27 21:45:25] TransactionTest::testSaveTransaction.INFO: PASSED [] []
[2013-05-27 21:45:35] TransactionTest::testSaveTransaction.ALERT: CDbCommand failed to execute the SQL statement: SQLSTATE[23000]: Integrity constraint violation: 1062 Duplicate entry '1232332' for key 'PRIMARY'. The SQL statement executed was: INSERT INTO `transaction` (`merchant_usn`, `amount`, `nit`, `trans_status`, `message`, `payment_type`, `order_id`) VALUES (:yp0, :yp1, :yp2, :yp3, :yp4, :yp5, :yp6) [] []
[2013-05-27 21:45:35] TransactionTest::testSaveTransaction.INFO: # ERROR # [] []
[2013-05-27 21:45:35] TransactionTest::testSaveTransaction.INFO: PASSED [] []
[2013-05-27 21:49:43] TransactionTest::testSaveTransaction.ALERT: CDbCommand failed to execute the SQL statement: SQLSTATE[23000]: Integrity constraint violation: 1062 Duplicate entry '1232332' for key 'PRIMARY'. The SQL statement executed was: INSERT INTO `transaction` (`merchant_usn`, `amount`, `nit`, `trans_status`, `message`, `payment_type`, `order_id`) VALUES (:yp0, :yp1, :yp2, :yp3, :yp4, :yp5, :yp6) [] []
[2013-05-27 21:49:43] TransactionTest::testSaveTransaction.INFO: # ERROR # [] []
[2013-05-27 21:49:43] TransactionTest::testSaveTransaction.INFO: PASSED [] []
[2013-05-27 21:50:20] TransactionTest::testSaveTransaction.ALERT: CDbCommand failed to execute the SQL statement: SQLSTATE[23000]: Integrity constraint violation: 1062 Duplicate entry '1232332' for key 'PRIMARY'. The SQL statement executed was: INSERT INTO `transaction` (`merchant_usn`, `amount`, `nit`, `trans_status`, `message`, `payment_type`, `order_id`) VALUES (:yp0, :yp1, :yp2, :yp3, :yp4, :yp5, :yp6) [] []
[2013-05-27 21:50:20] TransactionTest::testSaveTransaction.INFO: # ERROR # [] []
[2013-05-27 21:50:20] TransactionTest::testSaveTransaction.INFO: PASSED [] []
[2013-05-27 22:00:11] TransactionTest::testSaveTransaction.ALERT: CDbCommand failed to execute the SQL statement: SQLSTATE[23000]: Integrity constraint violation: 1062 Duplicate entry '1232332' for key 'PRIMARY'. The SQL statement executed was: INSERT INTO `transaction` (`merchant_usn`, `amount`, `nit`, `trans_status`, `message`, `payment_type`, `order_id`) VALUES (:yp0, :yp1, :yp2, :yp3, :yp4, :yp5, :yp6) [] []
[2013-05-27 22:00:11] TransactionTest::testSaveTransaction.INFO: # ERROR # [] []
[2013-05-27 22:00:11] TransactionTest::testSaveTransaction.INFO: PASSED [] []
[2013-05-27 22:03:29] TransactionTest::testSaveTransaction.ALERT: The table "transaction" for active record class "Transaction" cannot be found in the database. [] []
[2013-05-27 22:03:29] TransactionTest::testSaveTransaction.INFO: # ERROR # [] []
[2013-05-27 22:03:29] TransactionTest::testSaveTransaction.INFO: PASSED [] []
[2013-05-27 22:04:09] TransactionTest::testSaveTransaction.ALERT: Array to string conversion [] []
[2013-05-27 22:04:09] TransactionTest::testSaveTransaction.INFO: # ERROR # [] []
[2013-05-27 22:04:09] TransactionTest::testSaveTransaction.INFO: PASSED [] []
[2013-05-27 22:12:00] TransactionTest::testSaveTransaction.ALERT: The table "transaction" for active record class "Transaction" cannot be found in the database. [] []
[2013-05-27 22:12:00] TransactionTest::testSaveTransaction.INFO: # ERROR # [] []
[2013-05-27 22:12:00] TransactionTest::testSaveTransaction.INFO: PASSED [] []
[2013-05-27 22:16:14] TransactionTest::testSaveTransaction.ALERT: The table "transaction" for active record class "Transaction" cannot be found in the database. [] []
[2013-05-27 22:16:14] TransactionTest::testSaveTransaction.INFO: # ERROR # [] []
[2013-05-27 22:16:14] TransactionTest::testSaveTransaction.INFO: PASSED [] []
[2013-05-27 22:16:51] TransactionTest::testSaveTransaction.INFO: PASSED [] []
[2013-05-27 22:16:59] TransactionTest::testSaveTransaction.ALERT: CDbCommand failed to execute the SQL statement: SQLSTATE[23000]: Integrity constraint violation: 1062 Duplicate entry '1232332' for key 'PRIMARY'. The SQL statement executed was: INSERT INTO `transaction` (`merchant_usn`, `amount`, `nit`, `trans_status`, `message`, `payment_type`, `order_id`) VALUES (:yp0, :yp1, :yp2, :yp3, :yp4, :yp5, :yp6) [] []
[2013-05-27 22:16:59] TransactionTest::testSaveTransaction.INFO: # ERROR # [] []
[2013-05-27 22:16:59] TransactionTest::testSaveTransaction.INFO: PASSED [] []
[2013-05-27 22:18:09] TransactionTest::testSaveTransaction.ALERT: CDbCommand failed to execute the SQL statement: SQLSTATE[23000]: Integrity constraint violation: 1062 Duplicate entry '1232332' for key 'PRIMARY'. The SQL statement executed was: INSERT INTO `transaction` (`merchant_usn`, `amount`, `nit`, `trans_status`, `message`, `payment_type`, `order_id`) VALUES (:yp0, :yp1, :yp2, :yp3, :yp4, :yp5, :yp6) [] []
[2013-05-27 22:18:09] TransactionTest::testSaveTransaction.INFO: # ERROR # [] []
[2013-05-27 22:18:09] TransactionTest::testSaveTransaction.INFO: PASSED [] []
[2013-05-27 22:18:46] TransactionTest::testSaveTransaction.ALERT: CDbCommand failed to execute the SQL statement: SQLSTATE[23000]: Integrity constraint violation: 1062 Duplicate entry '1232332' for key 'PRIMARY'. The SQL statement executed was: INSERT INTO `transaction` (`merchant_usn`, `amount`, `nit`, `trans_status`, `message`, `payment_type`, `order_id`) VALUES (:yp0, :yp1, :yp2, :yp3, :yp4, :yp5, :yp6) [] []
[2013-05-27 22:18:46] TransactionTest::testSaveTransaction.INFO: # ERROR # [] []
[2013-05-27 22:18:46] TransactionTest::testSaveTransaction.INFO: PASSED [] []
[2013-05-27 22:19:20] TransactionTest::testSaveTransaction.ALERT: CDbCommand failed to execute the SQL statement: SQLSTATE[23000]: Integrity constraint violation: 1062 Duplicate entry '1232332' for key 'PRIMARY'. The SQL statement executed was: INSERT INTO `transaction` (`merchant_usn`, `amount`, `nit`, `trans_status`, `message`, `payment_type`, `order_id`) VALUES (:yp0, :yp1, :yp2, :yp3, :yp4, :yp5, :yp6) [] []
[2013-05-27 22:19:20] TransactionTest::testSaveTransaction.INFO: # ERROR # [] []
[2013-05-27 22:19:20] TransactionTest::testSaveTransaction.INFO: PASSED [] []
[2013-05-27 22:26:10] TransactionTest::testSaveTransaction.ALERT: CDbCommand failed to execute the SQL statement: SQLSTATE[23000]: Integrity constraint violation: 1062 Duplicate entry '1232332' for key 'PRIMARY'. The SQL statement executed was: INSERT INTO `transaction` (`merchant_usn`, `amount`, `nit`, `trans_status`, `message`, `payment_type`, `order_id`) VALUES (:yp0, :yp1, :yp2, :yp3, :yp4, :yp5, :yp6) [] []
[2013-05-27 22:26:10] TransactionTest::testSaveTransaction.INFO: # ERROR # [] []
[2013-05-27 22:26:10] TransactionTest::testSaveTransaction.INFO: PASSED [] []
[2013-05-27 22:27:43] TransactionTest::testSaveTransaction.INFO: PASSED [] []
[2013-05-27 22:27:54] TransactionTest::testSaveTransaction.INFO: PASSED [] []
[2013-05-27 22:29:04] TransactionTest::testSaveTransaction.INFO: PASSED [] []
[2013-05-27 22:30:12] TransactionTest::testSaveTransaction.INFO: PASSED [] []
[2013-05-27 22:30:52] TransactionTest::testSaveTransaction.INFO: PASSED [] []
[2013-05-27 22:30:52] TransactionTest::testUniqueTransaction.ALERT: Failed asserting that true is false. [] []
[2013-05-27 22:30:52] TransactionTest::testUniqueTransaction.INFO: # FAILED # [] []
[2013-05-27 22:31:10] TransactionTest::testSaveTransaction.INFO: PASSED [] []
[2013-05-27 22:31:10] TransactionTest::testUniqueTransaction.ALERT: Failed asserting that true is false. [] []
[2013-05-27 22:31:10] TransactionTest::testUniqueTransaction.INFO: # FAILED # [] []
[2013-05-27 22:31:56] TransactionTest::testSaveTransaction.INFO: PASSED [] []
[2013-05-27 22:31:56] TransactionTest::testUniqueTransaction.ALERT: Failed asserting that true is false. [] []
[2013-05-27 22:31:56] TransactionTest::testUniqueTransaction.INFO: # FAILED # [] []
[2013-05-27 22:32:15] TransactionTest::testSaveTransaction.INFO: PASSED [] []
[2013-05-27 22:32:37] TransactionTest::testSaveTransaction.INFO: PASSED [] []
[2013-05-27 22:32:41] TransactionTest::testSaveTransaction.INFO: PASSED [] []
[2013-05-27 22:32:41] TransactionTest::testUniqueTransaction.ALERT: Failed asserting that true is false. [] []
[2013-05-27 22:32:41] TransactionTest::testUniqueTransaction.INFO: # FAILED # [] []
[2013-05-27 22:33:21] TransactionTest::testSaveTransaction.INFO: PASSED [] []
[2013-05-27 22:33:21] TransactionTest::testUpdateTransaction.ALERT: Creating default object from empty value [] []
[2013-05-27 22:33:21] TransactionTest::testUpdateTransaction.INFO: # ERROR # [] []
[2013-05-27 22:33:21] TransactionTest::testUpdateTransaction.INFO: PASSED [] []
[2013-05-27 22:33:56] TransactionTest::testSaveTransaction.INFO: PASSED [] []
[2013-05-27 22:33:56] TransactionTest::testUpdateTransaction.ALERT: Creating default object from empty value [] []
[2013-05-27 22:33:56] TransactionTest::testUpdateTransaction.INFO: # ERROR # [] []
[2013-05-27 22:33:56] TransactionTest::testUpdateTransaction.INFO: PASSED [] []
[2013-05-27 22:33:59] TransactionTest::testSaveTransaction.INFO: PASSED [] []
[2013-05-27 22:33:59] TransactionTest::testUpdateTransaction.ALERT: Creating default object from empty value [] []
[2013-05-27 22:33:59] TransactionTest::testUpdateTransaction.INFO: # ERROR # [] []
[2013-05-27 22:33:59] TransactionTest::testUpdateTransaction.INFO: PASSED [] []
[2013-05-27 22:34:19] TransactionTest::testSaveTransaction.INFO: PASSED [] []
[2013-05-27 22:34:19] TransactionTest::testUpdateTransaction.ALERT: CDbCommand failed to execute the SQL statement: SQLSTATE[23000]: Integrity constraint violation: 1062 Duplicate entry '1232332' for key 'PRIMARY'. The SQL statement executed was: INSERT INTO `transaction` (`merchant_usn`, `amount`, `nit`, `trans_status`, `message`, `payment_type`, `order_id`) VALUES (:yp0, :yp1, :yp2, :yp3, :yp4, :yp5, :yp6) [] []
[2013-05-27 22:34:19] TransactionTest::testUpdateTransaction.INFO: # ERROR # [] []
[2013-05-27 22:34:19] TransactionTest::testUpdateTransaction.INFO: PASSED [] []
[2013-05-27 22:34:39] TransactionTest::testSaveTransaction.INFO: PASSED [] []
[2013-05-27 22:34:39] TransactionTest::testUpdateTransaction.INFO: PASSED [] []
[2013-05-27 22:35:04] TransactionTest::testSaveTransaction.INFO: PASSED [] []
[2013-05-27 22:35:04] TransactionTest::testUpdateTransaction.INFO: PASSED [] []
[2013-05-27 22:36:20] TransactionTest::testSaveTransaction.INFO: PASSED [] []
[2013-05-27 22:36:20] TransactionTest::testUpdateTransaction.INFO: PASSED [] []
[2013-05-27 22:36:31] TransactionTest::testSaveTransaction.INFO: PASSED [] []
[2013-05-27 22:36:31] TransactionTest::testUpdateTransaction.ALERT: CDbCommand failed to execute the SQL statement: SQLSTATE[23000]: Integrity constraint violation: 1062 Duplicate entry '12314' for key 'PRIMARY'. The SQL statement executed was: INSERT INTO `transaction` (`merchant_usn`, `amount`, `nit`, `trans_status`, `message`, `payment_type`, `order_id`) VALUES (:yp0, :yp1, :yp2, :yp3, :yp4, :yp5, :yp6) [] []
[2013-05-27 22:36:31] TransactionTest::testUpdateTransaction.INFO: # ERROR # [] []
[2013-05-27 22:36:31] TransactionTest::testUpdateTransaction.INFO: PASSED [] []
[2013-05-27 22:37:04] TransactionTest::testSaveTransaction.INFO: PASSED [] []
[2013-05-27 22:37:04] TransactionTest::testUpdateTransaction.ALERT: CDbCommand failed to execute the SQL statement: SQLSTATE[23000]: Integrity constraint violation: 1062 Duplicate entry '12314' for key 'PRIMARY'. The SQL statement executed was: INSERT INTO `transaction` (`merchant_usn`, `amount`, `nit`, `trans_status`, `message`, `payment_type`, `order_id`) VALUES (:yp0, :yp1, :yp2, :yp3, :yp4, :yp5, :yp6) [] []
[2013-05-27 22:37:04] TransactionTest::testUpdateTransaction.INFO: # ERROR # [] []
[2013-05-27 22:37:04] TransactionTest::testUpdateTransaction.INFO: PASSED [] []
[2013-05-27 22:38:09] TransactionTest::testSaveTransaction.INFO: PASSED [] []
[2013-05-27 22:38:09] TransactionTest::testUpdateTransaction.INFO: PASSED [] []
[2013-05-27 22:39:00] TransactionTest::testSaveTransaction.INFO: PASSED [] []
[2013-05-27 22:39:00] TransactionTest::testUpdateTransaction.ALERT: Failed asserting that '999' matches expected '809'. [] []
[2013-05-27 22:39:00] TransactionTest::testUpdateTransaction.INFO: # FAILED # [] []
[2013-05-27 22:39:16] TransactionTest::testSaveTransaction.INFO: PASSED [] []
[2013-05-27 22:39:16] TransactionTest::testUpdateTransaction.INFO: PASSED [] []
[2013-05-27 22:39:34] TransactionTest::testSaveTransaction.INFO: PASSED [] []
[2013-05-27 22:39:34] TransactionTest::testUpdateTransaction.ALERT: Undefined variable: merchant_usn2 [] []
[2013-05-27 22:39:34] TransactionTest::testUpdateTransaction.INFO: # ERROR # [] []
[2013-05-27 22:39:34] TransactionTest::testUpdateTransaction.INFO: PASSED [] []
[2013-05-27 22:39:57] TransactionTest::testSaveTransaction.INFO: PASSED [] []
[2013-05-27 22:39:57] TransactionTest::testUpdateTransaction.ALERT: Failed asserting that '999' matches expected '809'. [] []
[2013-05-27 22:39:57] TransactionTest::testUpdateTransaction.INFO: # FAILED # [] []
[2013-05-27 22:41:05] TransactionTest::testSaveTransaction.INFO: PASSED [] []
[2013-05-27 22:41:05] TransactionTest::testUpdateTransaction.INFO: PASSED [] []
[2013-05-27 22:42:04] TransactionTest::testSaveTransaction.INFO: PASSED [] []
[2013-05-27 22:42:04] TransactionTest::testUpdateTransaction.INFO: PASSED [] []
[2013-05-27 22:42:16] TransactionTest::testSaveTransaction.INFO: PASSED [] []
[2013-05-27 22:42:16] TransactionTest::testUpdateTransaction.INFO: PASSED [] []
[2013-05-27 22:42:47] TransactionTest::testSaveTransaction.INFO: PASSED [] []
[2013-05-27 22:42:47] TransactionTest::testUpdateTransaction.ALERT: Failed asserting that '999' matches expected '809'. [] []
[2013-05-27 22:42:47] TransactionTest::testUpdateTransaction.INFO: # FAILED # [] []
[2013-05-27 22:43:12] TransactionTest::testSaveTransaction.INFO: PASSED [] []
[2013-05-27 22:43:12] TransactionTest::testUpdateTransaction.INFO: PASSED [] []
[2013-05-27 22:43:34] TransactionTest::testSaveTransaction.INFO: PASSED [] []
[2013-05-27 22:43:35] TransactionTest::testUpdateTransaction.ALERT: Undefined variable: orderid2 [] []
[2013-05-27 22:43:35] TransactionTest::testUpdateTransaction.INFO: # ERROR # [] []
[2013-05-27 22:43:35] TransactionTest::testUpdateTransaction.INFO: PASSED [] []
[2013-05-27 22:43:47] TransactionTest::testSaveTransaction.INFO: PASSED [] []
[2013-05-27 22:43:47] TransactionTest::testUpdateTransaction.INFO: PASSED [] []
[2013-05-27 22:44:24] TransactionTest::testSaveTransaction.INFO: PASSED [] []
[2013-05-27 22:44:24] TransactionTest::testUpdateTransaction.INFO: PASSED [] []
[2013-05-27 22:44:24] TransactionTest::testMissingParameters.INFO: PASSED [] []
[2013-05-27 22:44:38] TransactionTest::testSaveTransaction.INFO: PASSED [] []
[2013-05-27 22:44:39] TransactionTest::testUpdateTransaction.INFO: PASSED [] []
[2013-05-27 22:44:39] TransactionTest::testMissingParameters.INFO: PASSED [] []
[2013-05-27 22:44:39] TransactionTest::testItsApproveTransaction.ALERT: CDbCommand failed to execute the SQL statement: SQLSTATE[23000]: Integrity constraint violation: 1062 Duplicate entry '1232332' for key 'PRIMARY'. The SQL statement executed was: INSERT INTO `transaction` (`merchant_usn`, `amount`, `nit`, `trans_status`, `message`, `payment_type`, `order_id`) VALUES (:yp0, :yp1, :yp2, :yp3, :yp4, :yp5, :yp6) [] []
[2013-05-27 22:44:39] TransactionTest::testItsApproveTransaction.INFO: # ERROR # [] []
[2013-05-27 22:44:39] TransactionTest::testItsApproveTransaction.INFO: PASSED [] []
[2013-05-27 22:44:58] TransactionTest::testSaveTransaction.INFO: PASSED [] []
[2013-05-27 22:44:58] TransactionTest::testUpdateTransaction.INFO: PASSED [] []
[2013-05-27 22:44:58] TransactionTest::testMissingParameters.INFO: PASSED [] []
[2013-05-27 22:44:58] TransactionTest::testItsApproveTransaction.ALERT: CDbCommand failed to execute the SQL statement: SQLSTATE[23000]: Integrity constraint violation: 1062 Duplicate entry '1232332' for key 'PRIMARY'. The SQL statement executed was: INSERT INTO `transaction` (`merchant_usn`, `amount`, `nit`, `trans_status`, `message`, `payment_type`, `order_id`) VALUES (:yp0, :yp1, :yp2, :yp3, :yp4, :yp5, :yp6) [] []
[2013-05-27 22:44:58] TransactionTest::testItsApproveTransaction.INFO: # ERROR # [] []
[2013-05-27 22:44:58] TransactionTest::testItsApproveTransaction.INFO: PASSED [] []
[2013-05-27 22:45:33] TransactionTest::testSaveTransaction.INFO: PASSED [] []
[2013-05-27 22:45:33] TransactionTest::testUpdateTransaction.INFO: PASSED [] []
[2013-05-27 22:45:33] TransactionTest::testMissingParameters.INFO: PASSED [] []
[2013-05-27 22:45:33] TransactionTest::testItsApproveTransaction.INFO: PASSED [] []
[2013-05-27 22:45:36] TransactionTest::testSaveTransaction.INFO: PASSED [] []
[2013-05-27 22:45:36] TransactionTest::testUpdateTransaction.INFO: PASSED [] []
[2013-05-27 22:45:36] TransactionTest::testMissingParameters.INFO: PASSED [] []
[2013-05-27 22:45:36] TransactionTest::testItsApproveTransaction.INFO: PASSED [] []
[2013-05-27 22:45:46] TransactionTest::testSaveTransaction.INFO: PASSED [] []
[2013-05-27 22:45:46] TransactionTest::testUpdateTransaction.INFO: PASSED [] []
[2013-05-27 22:45:46] TransactionTest::testMissingParameters.INFO: PASSED [] []
[2013-05-27 22:45:46] TransactionTest::testItsApproveTransaction.ALERT: Trying to get property of non-object [] []
[2013-05-27 22:45:46] TransactionTest::testItsApproveTransaction.INFO: # ERROR # [] []
[2013-05-27 22:45:46] TransactionTest::testItsApproveTransaction.INFO: PASSED [] []
[2013-05-27 22:46:16] TransactionTest::testSaveTransaction.INFO: PASSED [] []
[2013-05-27 22:46:16] TransactionTest::testUpdateTransaction.INFO: PASSED [] []
[2013-05-27 22:46:16] TransactionTest::testMissingParameters.INFO: PASSED [] []
[2013-05-27 22:46:16] TransactionTest::testItsApproveTransaction.ALERT: Undefined variable: orderid [] []
[2013-05-27 22:46:16] TransactionTest::testItsApproveTransaction.INFO: # ERROR # [] []
[2013-05-27 22:46:16] TransactionTest::testItsApproveTransaction.INFO: PASSED [] []
[2013-05-27 22:46:35] TransactionTest::testSaveTransaction.INFO: PASSED [] []
[2013-05-27 22:46:35] TransactionTest::testUpdateTransaction.INFO: PASSED [] []
[2013-05-27 22:46:35] TransactionTest::testMissingParameters.INFO: PASSED [] []
[2013-05-27 22:46:35] TransactionTest::testItsApproveTransaction.ALERT: Trying to get property of non-object [] []
[2013-05-27 22:46:35] TransactionTest::testItsApproveTransaction.INFO: # ERROR # [] []
[2013-05-27 22:46:35] TransactionTest::testItsApproveTransaction.INFO: PASSED [] []
[2013-05-27 22:46:56] TransactionTest::testSaveTransaction.INFO: PASSED [] []
[2013-05-27 22:46:56] TransactionTest::testUpdateTransaction.INFO: PASSED [] []
[2013-05-27 22:46:56] TransactionTest::testMissingParameters.INFO: PASSED [] []
[2013-05-27 22:46:56] TransactionTest::testItsApproveTransaction.INFO: PASSED [] []
[2013-05-27 22:48:53] TransactionTest::testSaveTransaction.INFO: PASSED [] []
[2013-05-27 22:48:53] TransactionTest::testUniqueTransaction.ALERT: Failed asserting that true is false. [] []
[2013-05-27 22:48:53] TransactionTest::testUniqueTransaction.INFO: # FAILED # [] []
[2013-05-27 22:49:25] TransactionTest::testSaveTransaction.INFO: PASSED [] []
[2013-05-27 22:49:25] TransactionTest::testUniqueTransaction.INFO: PASSED [] []
[2013-05-27 22:49:26] TransactionTest::testUpdateTransaction.INFO: PASSED [] []
[2013-05-27 22:49:26] TransactionTest::testMissingParameters.INFO: PASSED [] []
[2013-05-27 22:49:26] TransactionTest::testItsApproveTransaction.INFO: PASSED [] []
[2013-05-27 22:50:40] TransactionTest::testSaveTransaction.INFO: PASSED [] []
[2013-05-27 22:50:40] TransactionTest::testUniqueTransaction.INFO: PASSED [] []
[2013-05-27 22:50:40] TransactionTest::testUpdateTransaction.INFO: PASSED [] []
[2013-05-27 22:50:40] TransactionTest::testMissingParameters.INFO: PASSED [] []
[2013-05-27 22:50:40] TransactionTest::testItsApproveTransaction.INFO: PASSED [] []
[2013-05-27 22:51:20] TransactionTest::testSaveTransaction.INFO: PASSED [] []
[2013-05-27 22:51:20] TransactionTest::testUniqueTransaction.INFO: PASSED [] []
[2013-05-27 22:51:20] TransactionTest::testUpdateTransaction.INFO: PASSED [] []
[2013-05-27 22:51:20] TransactionTest::testMissingParameters.INFO: PASSED [] []
[2013-05-27 22:51:20] TransactionTest::testItsApproveTransaction.INFO: PASSED [] []
[2013-05-27 22:52:32] TransactionTest::testSaveTransaction.INFO: PASSED [] []
[2013-05-27 22:52:32] TransactionTest::testUniqueTransaction.INFO: PASSED [] []
[2013-05-27 22:52:32] TransactionTest::testUpdateTransaction.INFO: PASSED [] []
[2013-05-27 22:52:32] TransactionTest::testMissingParameters.INFO: PASSED [] []
[2013-05-27 22:52:32] TransactionTest::testItsApproveTransaction.INFO: PASSED [] []
[2013-05-27 22:53:18] TransactionTest::testSaveTransaction.INFO: PASSED [] []
[2013-05-27 22:53:18] TransactionTest::testUniqueTransaction.INFO: PASSED [] []
[2013-05-27 22:53:18] TransactionTest::testUpdateTransaction.INFO: PASSED [] []
[2013-05-27 22:53:18] TransactionTest::testMissingParameters.INFO: PASSED [] []
[2013-05-27 22:53:18] TransactionTest::testItsApproveTransaction.INFO: PASSED [] []
[2013-05-27 22:55:28] TransactionTest::testSaveTransaction.INFO: PASSED [] []
[2013-05-27 22:55:28] TransactionTest::testUniqueTransaction.INFO: PASSED [] []
[2013-05-27 22:55:28] TransactionTest::testUpdateTransaction.INFO: PASSED [] []
[2013-05-27 22:55:28] TransactionTest::testMissingParameters.INFO: PASSED [] []
[2013-05-27 22:55:28] TransactionTest::testItsApproveTransaction.INFO: PASSED [] []
[2013-05-27 22:55:41] TransactionTest::testSaveTransaction.INFO: PASSED [] []
[2013-05-27 22:55:41] TransactionTest::testUniqueTransaction.INFO: PASSED [] []
[2013-05-27 22:55:41] TransactionTest::testUpdateTransaction.INFO: PASSED [] []
[2013-05-27 22:55:41] TransactionTest::testMissingParameters.INFO: PASSED [] []
[2013-05-27 22:55:41] TransactionTest::testItsApproveTransaction.INFO: PASSED [] []
[2013-05-27 22:55:50] TransactionTest::testSaveTransaction.INFO: PASSED [] []
[2013-05-27 22:55:50] TransactionTest::testUniqueTransaction.INFO: PASSED [] []
[2013-05-27 22:55:50] TransactionTest::testUpdateTransaction.INFO: PASSED [] []
[2013-05-27 22:55:50] TransactionTest::testMissingParameters.INFO: PASSED [] []
[2013-05-27 22:55:50] TransactionTest::testItsApproveTransaction.INFO: PASSED [] []
[2013-05-27 22:59:40] TransactionTest::testSaveTransaction.INFO: PASSED [] []
[2013-05-27 22:59:40] TransactionTest::testUniqueTransaction.INFO: PASSED [] []
[2013-05-27 22:59:41] TransactionTest::testUpdateTransaction.INFO: PASSED [] []
[2013-05-27 22:59:41] TransactionTest::testMissingParameters.INFO: PASSED [] []
[2013-05-27 22:59:41] TransactionTest::testItsApproveTransaction.INFO: PASSED [] []
[2013-05-27 22:59:48] TransactionTest::testSaveTransaction.INFO: PASSED [] []
[2013-05-27 22:59:48] TransactionTest::testUniqueTransaction.INFO: PASSED [] []
[2013-05-27 22:59:48] TransactionTest::testUpdateTransaction.INFO: PASSED [] []
[2013-05-27 22:59:48] TransactionTest::testMissingParameters.INFO: PASSED [] []
[2013-05-27 22:59:49] TransactionTest::testItsApproveTransaction.INFO: PASSED [] []
[2013-05-27 23:00:06] TransactionTest::testSaveTransaction.INFO: PASSED [] []
[2013-05-27 23:00:06] TransactionTest::testUniqueTransaction.INFO: PASSED [] []
[2013-05-27 23:00:06] TransactionTest::testUpdateTransaction.INFO: PASSED [] []
[2013-05-27 23:00:06] TransactionTest::testMissingParameters.INFO: PASSED [] []
[2013-05-27 23:00:06] TransactionTest::testItsApproveTransaction.INFO: PASSED [] []
[2013-05-27 23:01:20] TransactionTest::testSaveTransaction.INFO: PASSED [] []
[2013-05-27 23:01:20] TransactionTest::testUniqueTransaction.INFO: PASSED [] []
[2013-05-27 23:01:20] TransactionTest::testUpdateTransaction.INFO: PASSED [] []
[2013-05-27 23:01:20] TransactionTest::testMissingParameters.INFO: PASSED [] []
[2013-05-27 23:01:20] TransactionTest::testItsApproveTransaction.INFO: PASSED [] []
[2013-05-27 23:01:52] TransactionTest::testSaveTransaction.INFO: PASSED [] []
[2013-05-27 23:01:52] TransactionTest::testUniqueTransaction.INFO: PASSED [] []
[2013-05-27 23:01:52] TransactionTest::testUpdateTransaction.INFO: PASSED [] []
[2013-05-27 23:01:52] TransactionTest::testMissingParameters.INFO: PASSED [] []
[2013-05-27 23:01:52] TransactionTest::testItsApproveTransaction.INFO: PASSED [] []
[2013-05-27 23:02:27] TransactionTest::testSaveTransaction.INFO: PASSED [] []
[2013-05-27 23:02:27] TransactionTest::testUniqueTransaction.INFO: PASSED [] []
[2013-05-27 23:02:27] TransactionTest::testUpdateTransaction.INFO: PASSED [] []
[2013-05-27 23:02:27] TransactionTest::testMissingParameters.INFO: PASSED [] []
[2013-05-27 23:02:27] TransactionTest::testItsApproveTransaction.INFO: PASSED [] []
[2013-05-27 23:02:38] TransactionTest::testSaveTransaction.INFO: PASSED [] []
[2013-05-27 23:02:38] TransactionTest::testUniqueTransaction.INFO: PASSED [] []
[2013-05-27 23:02:38] TransactionTest::testUpdateTransaction.INFO: PASSED [] []
[2013-05-27 23:02:38] TransactionTest::testMissingParameters.INFO: PASSED [] []
[2013-05-27 23:02:39] TransactionTest::testItsApproveTransaction.INFO: PASSED [] []
[2013-05-27 23:05:56] TransactionTest::testSaveTransaction.INFO: PASSED [] []
[2013-05-27 23:05:56] TransactionTest::testUniqueTransaction.INFO: PASSED [] []
[2013-05-27 23:05:56] TransactionTest::testUpdateTransaction.INFO: PASSED [] []
[2013-05-27 23:05:56] TransactionTest::testMissingParameters.INFO: PASSED [] []
[2013-05-27 23:05:56] TransactionTest::testItsApproveTransaction.INFO: PASSED [] []
