[2013-05-29 14:13:03] TransactionTest::testSaveTransaction.INFO: PASSED [] []
[2013-05-29 14:13:03] TransactionTest::testUniqueTransaction.INFO: PASSED [] []
[2013-05-29 14:13:03] TransactionTest::testUpdateTransaction.INFO: PASSED [] []
[2013-05-29 14:13:03] TransactionTest::testMissingParameters.INFO: PASSED [] []
[2013-05-29 14:13:03] TransactionTest::testItsApproveTransaction.INFO: PASSED [] []
[2013-05-29 15:41:26] TransactionTest::testSaveTransaction.INFO: PASSED [] []
[2013-05-29 15:41:26] TransactionTest::testUniqueTransaction.INFO: PASSED [] []
[2013-05-29 15:41:26] TransactionTest::testUpdateTransaction.INFO: PASSED [] []
[2013-05-29 15:41:26] TransactionTest::testMissingParameters.INFO: PASSED [] []
[2013-05-29 15:41:27] TransactionTest::testItsApproveTransaction.INFO: PASSED [] []
[2013-05-29 15:41:49] TransactionTest::testSaveTransaction.INFO: PASSED [] []
[2013-05-29 15:41:49] TransactionTest::testUniqueTransaction.INFO: PASSED [] []
[2013-05-29 15:41:49] TransactionTest::testUpdateTransaction.INFO: PASSED [] []
[2013-05-29 15:41:49] TransactionTest::testMissingParameters.INFO: PASSED [] []
[2013-05-29 15:41:49] TransactionTest::testItsApproveTransaction.INFO: PASSED [] []
[2013-05-29 15:42:17] TransactionTest::testSaveTransaction.INFO: PASSED [] []
[2013-05-29 15:42:17] TransactionTest::testUniqueTransaction.INFO: PASSED [] []
[2013-05-29 15:42:17] TransactionTest::testUpdateTransaction.INFO: PASSED [] []
[2013-05-29 15:42:17] TransactionTest::testMissingParameters.INFO: PASSED [] []
[2013-05-29 15:42:17] TransactionTest::testItsApproveTransaction.INFO: PASSED [] []
[2013-05-29 15:53:24] TransactionTest::testSaveTransaction.INFO: PASSED [] []
[2013-05-29 15:53:24] TransactionTest::testUniqueTransaction.INFO: PASSED [] []
[2013-05-29 15:53:24] TransactionTest::testUpdateTransaction.INFO: PASSED [] []
[2013-05-29 15:53:24] TransactionTest::testMissingParameters.INFO: PASSED [] []
[2013-05-29 15:53:24] TransactionTest::testItsApproveTransaction.INFO: PASSED [] []
[2013-05-29 15:59:02] TransactionTest::testSaveTransaction.INFO: PASSED [] []
[2013-05-29 15:59:02] TransactionTest::testUniqueTransaction.INFO: PASSED [] []
[2013-05-29 15:59:02] TransactionTest::testUpdateTransaction.INFO: PASSED [] []
[2013-05-29 15:59:02] TransactionTest::testMissingParameters.INFO: PASSED [] []
[2013-05-29 15:59:02] TransactionTest::testItsApproveTransaction.INFO: PASSED [] []
[2013-05-29 15:59:02] TransactionTest::testPaymentNeg.ALERT: The SOAP extension is required to generate a mock object from WSDL. [] []
[2013-05-29 15:59:02] TransactionTest::testPaymentNeg.INFO: # ERROR # [] []
[2013-05-29 15:59:02] TransactionTest::testPaymentNeg.INFO: PASSED [] []
[2013-05-29 19:15:09] TransactionTest::testSaveTransaction.INFO: PASSED [] []
[2013-05-29 19:15:09] TransactionTest::testUniqueTransaction.INFO: PASSED [] []
[2013-05-29 19:15:09] TransactionTest::testUpdateTransaction.INFO: PASSED [] []
[2013-05-29 19:15:09] TransactionTest::testMissingParameters.INFO: PASSED [] []
[2013-05-29 19:15:09] TransactionTest::testItsApproveTransaction.INFO: PASSED [] []
[2013-05-29 19:15:09] TransactionTest::testPaymentNeg.ALERT: The SOAP extension is required to generate a mock object from WSDL. [] []
[2013-05-29 19:15:09] TransactionTest::testPaymentNeg.INFO: # ERROR # [] []
[2013-05-29 19:15:09] TransactionTest::testPaymentNeg.INFO: PASSED [] []
[2013-05-29 19:19:19] TransactionTest::testSaveTransaction.INFO: PASSED [] []
[2013-05-29 19:19:19] TransactionTest::testUniqueTransaction.INFO: PASSED [] []
[2013-05-29 19:19:19] TransactionTest::testUpdateTransaction.INFO: PASSED [] []
[2013-05-29 19:19:19] TransactionTest::testMissingParameters.INFO: PASSED [] []
[2013-05-29 19:19:19] TransactionTest::testItsApproveTransaction.INFO: PASSED [] []
[2013-05-29 19:19:19] TransactionTest::testPaymentNeg.ALERT: The SOAP extension is required to generate a mock object from WSDL. [] []
[2013-05-29 19:19:19] TransactionTest::testPaymentNeg.INFO: # ERROR # [] []
[2013-05-29 19:19:19] TransactionTest::testPaymentNeg.INFO: PASSED [] []
[2013-05-29 19:25:16] TransactionTest::testSaveTransaction.INFO: PASSED [] []
[2013-05-29 19:25:16] TransactionTest::testUniqueTransaction.INFO: PASSED [] []
[2013-05-29 19:25:16] TransactionTest::testUpdateTransaction.INFO: PASSED [] []
[2013-05-29 19:25:16] TransactionTest::testMissingParameters.INFO: PASSED [] []
[2013-05-29 19:25:16] TransactionTest::testItsApproveTransaction.INFO: PASSED [] []
[2013-05-29 19:25:16] TransactionTest::testPaymentNeg.ALERT: The SOAP extension is required to generate a mock object from WSDL. [] []
[2013-05-29 19:25:16] TransactionTest::testPaymentNeg.INFO: # ERROR # [] []
[2013-05-29 19:25:16] TransactionTest::testPaymentNeg.INFO: PASSED [] []
[2013-05-29 19:26:34] TransactionTest::testSaveTransaction.INFO: PASSED [] []
[2013-05-29 19:26:34] TransactionTest::testUniqueTransaction.INFO: PASSED [] []
[2013-05-29 19:26:34] TransactionTest::testUpdateTransaction.INFO: PASSED [] []
[2013-05-29 19:26:34] TransactionTest::testMissingParameters.INFO: PASSED [] []
[2013-05-29 19:26:34] TransactionTest::testItsApproveTransaction.INFO: PASSED [] []
[2013-05-29 19:26:34] TransactionTest::testPaymentNeg.ALERT: The SOAP extension is required to generate a mock object from WSDL. [] []
[2013-05-29 19:26:34] TransactionTest::testPaymentNeg.INFO: # ERROR # [] []
[2013-05-29 19:26:34] TransactionTest::testPaymentNeg.INFO: PASSED [] []
[2013-05-29 19:31:15] TransactionTest::testSaveTransaction.INFO: PASSED [] []
[2013-05-29 19:31:15] TransactionTest::testUniqueTransaction.INFO: PASSED [] []
[2013-05-29 19:31:15] TransactionTest::testUpdateTransaction.INFO: PASSED [] []
[2013-05-29 19:31:15] TransactionTest::testMissingParameters.INFO: PASSED [] []
[2013-05-29 19:31:15] TransactionTest::testItsApproveTransaction.INFO: PASSED [] []
[2013-05-29 21:18:10] TransactionTest::testSaveTransaction.INFO: PASSED [] []
[2013-05-29 21:18:10] TransactionTest::testUniqueTransaction.INFO: PASSED [] []
[2013-05-29 21:18:10] TransactionTest::testUpdateTransaction.INFO: PASSED [] []
[2013-05-29 21:18:10] TransactionTest::testMissingParameters.INFO: PASSED [] []
[2013-05-29 21:18:11] TransactionTest::testItsApproveTransaction.INFO: PASSED [] []
[2013-05-29 21:18:11] TransactionTest::testPaymentNeg.ALERT: Parameter matcher is already defined, cannot redefine [] []
[2013-05-29 21:18:11] TransactionTest::testPaymentNeg.INFO: # ERROR # [] []
[2013-05-29 21:18:11] TransactionTest::testPaymentNeg.INFO: PASSED [] []
[2013-05-29 21:18:47] TransactionTest::testSaveTransaction.INFO: PASSED [] []
[2013-05-29 21:18:47] TransactionTest::testUniqueTransaction.INFO: PASSED [] []
[2013-05-29 21:18:47] TransactionTest::testUpdateTransaction.INFO: PASSED [] []
[2013-05-29 21:18:47] TransactionTest::testMissingParameters.INFO: PASSED [] []
[2013-05-29 21:18:47] TransactionTest::testItsApproveTransaction.INFO: PASSED [] []
[2013-05-29 21:18:47] TransactionTest::testPaymentNeg.ALERT: Parameter matcher is already defined, cannot redefine [] []
[2013-05-29 21:18:47] TransactionTest::testPaymentNeg.INFO: # ERROR # [] []
[2013-05-29 21:18:47] TransactionTest::testPaymentNeg.INFO: PASSED [] []
[2013-05-29 21:19:04] TransactionTest::testSaveTransaction.INFO: PASSED [] []
[2013-05-29 21:19:04] TransactionTest::testUniqueTransaction.INFO: PASSED [] []
[2013-05-29 21:19:04] TransactionTest::testUpdateTransaction.INFO: PASSED [] []
[2013-05-29 21:19:04] TransactionTest::testMissingParameters.INFO: PASSED [] []
[2013-05-29 21:19:04] TransactionTest::testItsApproveTransaction.INFO: PASSED [] []
[2013-05-29 21:19:04] TransactionTest::testPaymentNeg.INFO: PASSED [] []
[2013-05-29 21:19:22] TransactionTest::testSaveTransaction.INFO: PASSED [] []
[2013-05-29 21:19:22] TransactionTest::testUniqueTransaction.INFO: PASSED [] []
[2013-05-29 21:19:22] TransactionTest::testUpdateTransaction.INFO: PASSED [] []
[2013-05-29 21:19:22] TransactionTest::testMissingParameters.INFO: PASSED [] []
[2013-05-29 21:19:23] TransactionTest::testItsApproveTransaction.INFO: PASSED [] []
[2013-05-29 21:19:23] TransactionTest::testPaymentNeg.INFO: PASSED [] []
[2013-05-29 21:19:34] TransactionTest::testSaveTransaction.INFO: PASSED [] []
[2013-05-29 21:19:34] TransactionTest::testUniqueTransaction.INFO: PASSED [] []
[2013-05-29 21:19:35] TransactionTest::testUpdateTransaction.INFO: PASSED [] []
[2013-05-29 21:19:35] TransactionTest::testMissingParameters.INFO: PASSED [] []
[2013-05-29 21:19:35] TransactionTest::testItsApproveTransaction.INFO: PASSED [] []
[2013-05-29 21:19:35] TransactionTest::testPaymentNeg.ALERT: Expectation failed for method name is equal to <string:createCon> when invoked 1 time(s).
Method was expected to be called 1 times, actually called 0 times. [] []
[2013-05-29 21:19:35] TransactionTest::testPaymentNeg.INFO: # FAILED # [] []
[2013-05-29 21:19:59] TransactionTest::testSaveTransaction.INFO: PASSED [] []
[2013-05-29 21:19:59] TransactionTest::testUniqueTransaction.INFO: PASSED [] []
[2013-05-29 21:20:00] TransactionTest::testUpdateTransaction.INFO: PASSED [] []
[2013-05-29 21:20:00] TransactionTest::testMissingParameters.INFO: PASSED [] []
[2013-05-29 21:20:00] TransactionTest::testItsApproveTransaction.INFO: PASSED [] []
[2013-05-29 21:20:00] TransactionTest::testPaymentNeg.ALERT: Parameter matcher is already defined, cannot redefine [] []
[2013-05-29 21:20:00] TransactionTest::testPaymentNeg.INFO: # ERROR # [] []
[2013-05-29 21:20:00] TransactionTest::testPaymentNeg.INFO: PASSED [] []
[2013-05-29 21:21:01] TransactionTest::testSaveTransaction.INFO: PASSED [] []
[2013-05-29 21:21:01] TransactionTest::testUniqueTransaction.INFO: PASSED [] []
[2013-05-29 21:21:01] TransactionTest::testUpdateTransaction.INFO: PASSED [] []
[2013-05-29 21:21:01] TransactionTest::testMissingParameters.INFO: PASSED [] []
[2013-05-29 21:21:02] TransactionTest::testItsApproveTransaction.INFO: PASSED [] []
[2013-05-29 21:21:02] TransactionTest::testPaymentNeg.ALERT: Expectation failed for method name is equal to <string:createCon> when invoked 1 time(s).
Method was expected to be called 1 times, actually called 0 times. [] []
[2013-05-29 21:21:02] TransactionTest::testPaymentNeg.INFO: # FAILED # [] []
[2013-05-29 21:38:28] TransactionTest::testSaveTransaction.INFO: PASSED [] []
[2013-05-29 21:38:28] TransactionTest::testUniqueTransaction.INFO: PASSED [] []
[2013-05-29 21:38:28] TransactionTest::testUpdateTransaction.INFO: PASSED [] []
[2013-05-29 21:38:28] TransactionTest::testMissingParameters.INFO: PASSED [] []
[2013-05-29 21:38:28] TransactionTest::testItsApproveTransaction.INFO: PASSED [] []
[2013-05-29 21:38:28] TransactionTest::testPaymentNeg.ALERT: Expectation failed for method name is equal to <string:createCon> when invoked 1 time(s).
Method was expected to be called 1 times, actually called 0 times. [] []
[2013-05-29 21:38:28] TransactionTest::testPaymentNeg.INFO: # FAILED # [] []
[2013-05-29 21:40:07] TransactionTest::testSaveTransaction.INFO: PASSED [] []
[2013-05-29 21:40:07] TransactionTest::testUniqueTransaction.INFO: PASSED [] []
[2013-05-29 21:40:07] TransactionTest::testUpdateTransaction.INFO: PASSED [] []
[2013-05-29 21:40:07] TransactionTest::testMissingParameters.INFO: PASSED [] []
[2013-05-29 21:40:08] TransactionTest::testItsApproveTransaction.INFO: PASSED [] []
[2013-05-29 21:40:08] TransactionTest::testPaymentNeg.ALERT: Expectation failed for method name is equal to <string:createCon> when invoked 1 time(s).
Method was expected to be called 1 times, actually called 0 times. [] []
[2013-05-29 21:40:08] TransactionTest::testPaymentNeg.INFO: # FAILED # [] []
[2013-05-29 21:43:50] TransactionTest::testSaveTransaction.INFO: PASSED [] []
[2013-05-29 21:43:50] TransactionTest::testUniqueTransaction.INFO: PASSED [] []
[2013-05-29 21:43:51] TransactionTest::testUpdateTransaction.INFO: PASSED [] []
[2013-05-29 21:43:51] TransactionTest::testMissingParameters.INFO: PASSED [] []
[2013-05-29 21:43:51] TransactionTest::testItsApproveTransaction.INFO: PASSED [] []
[2013-05-29 21:43:51] TransactionTest::testPaymentNeg.ALERT: Expectation failed for method name is equal to <string:createCon> when invoked 1 time(s).
Method was expected to be called 1 times, actually called 0 times. [] []
[2013-05-29 21:43:51] TransactionTest::testPaymentNeg.INFO: # FAILED # [] []
[2013-05-29 21:45:01] TransactionTest::testSaveTransaction.INFO: PASSED [] []
[2013-05-29 21:45:01] TransactionTest::testUniqueTransaction.INFO: PASSED [] []
[2013-05-29 21:45:01] TransactionTest::testUpdateTransaction.INFO: PASSED [] []
[2013-05-29 21:45:01] TransactionTest::testMissingParameters.INFO: PASSED [] []
[2013-05-29 21:45:02] TransactionTest::testItsApproveTransaction.INFO: PASSED [] []
[2013-05-29 21:45:02] TransactionTest::testPaymentNeg.ALERT: Class name "puntoConexion" does not match class file "C:\wamp\www\TuPagoDe2\protected\models\puntoConexion.php". [] []
[2013-05-29 21:45:02] TransactionTest::testPaymentNeg.INFO: # ERROR # [] []
[2013-05-29 21:45:02] TransactionTest::testPaymentNeg.INFO: PASSED [] []
[2013-05-29 21:46:24] TransactionTest::testSaveTransaction.INFO: PASSED [] []
[2013-05-29 21:46:24] TransactionTest::testUniqueTransaction.INFO: PASSED [] []
[2013-05-29 21:46:24] TransactionTest::testUpdateTransaction.INFO: PASSED [] []
[2013-05-29 21:46:24] TransactionTest::testMissingParameters.INFO: PASSED [] []
[2013-05-29 21:46:25] TransactionTest::testItsApproveTransaction.INFO: PASSED [] []
[2013-05-29 21:46:25] TransactionTest::testPaymentNeg.ALERT: Expectation failed for method name is equal to <string:createCon> when invoked 1 time(s).
Method was expected to be called 1 times, actually called 0 times. [] []
[2013-05-29 21:46:25] TransactionTest::testPaymentNeg.INFO: # FAILED # [] []
[2013-05-29 21:51:48] TransactionTest::testSaveTransaction.INFO: PASSED [] []
[2013-05-29 21:51:48] TransactionTest::testUniqueTransaction.INFO: PASSED [] []
[2013-05-29 21:51:48] TransactionTest::testUpdateTransaction.INFO: PASSED [] []
[2013-05-29 21:51:48] TransactionTest::testMissingParameters.INFO: PASSED [] []
[2013-05-29 21:51:48] TransactionTest::testItsApproveTransaction.INFO: PASSED [] []
[2013-05-29 21:51:48] TransactionTest::testPaymentNeg.ALERT: Expectation failed for method name is equal to <string:createCon> when invoked 1 time(s).
Method was expected to be called 1 times, actually called 0 times. [] []
[2013-05-29 21:51:48] TransactionTest::testPaymentNeg.INFO: # FAILED # [] []
[2013-05-29 21:52:04] TransactionTest::testSaveTransaction.INFO: PASSED [] []
[2013-05-29 21:52:04] TransactionTest::testUniqueTransaction.INFO: PASSED [] []
[2013-05-29 21:52:05] TransactionTest::testUpdateTransaction.INFO: PASSED [] []
[2013-05-29 21:52:05] TransactionTest::testMissingParameters.INFO: PASSED [] []
[2013-05-29 21:52:05] TransactionTest::testItsApproveTransaction.INFO: PASSED [] []
[2013-05-29 21:52:05] TransactionTest::testPaymentNeg.ALERT: Expectation failed for method name is equal to <string:createCon> when invoked 1 time(s).
Method was expected to be called 1 times, actually called 0 times. [] []
[2013-05-29 21:52:05] TransactionTest::testPaymentNeg.INFO: # FAILED # [] []
[2013-05-29 21:55:19] TransactionTest::testSaveTransaction.INFO: PASSED [] []
[2013-05-29 21:55:19] TransactionTest::testUniqueTransaction.INFO: PASSED [] []
[2013-05-29 21:55:19] TransactionTest::testUpdateTransaction.INFO: PASSED [] []
[2013-05-29 21:55:19] TransactionTest::testMissingParameters.INFO: PASSED [] []
[2013-05-29 21:55:19] TransactionTest::testItsApproveTransaction.INFO: PASSED [] []
[2013-05-29 21:55:19] TransactionTest::testPaymentNeg.ALERT: No method matcher is set [] []
[2013-05-29 21:55:19] TransactionTest::testPaymentNeg.INFO: # ERROR # [] []
[2013-05-29 21:55:19] TransactionTest::testPaymentNeg.INFO: PASSED [] []
[2013-05-29 21:55:52] TransactionTest::testSaveTransaction.INFO: PASSED [] []
[2013-05-29 21:55:52] TransactionTest::testUniqueTransaction.INFO: PASSED [] []
[2013-05-29 21:55:52] TransactionTest::testUpdateTransaction.INFO: PASSED [] []
[2013-05-29 21:55:52] TransactionTest::testMissingParameters.INFO: PASSED [] []
[2013-05-29 21:55:52] TransactionTest::testItsApproveTransaction.INFO: PASSED [] []
[2013-05-29 21:55:52] TransactionTest::testPaymentNeg.ALERT: No method matcher is set [] []
[2013-05-29 21:55:52] TransactionTest::testPaymentNeg.INFO: # ERROR # [] []
[2013-05-29 21:55:52] TransactionTest::testPaymentNeg.INFO: PASSED [] []
[2013-05-29 21:58:15] TransactionTest::testSaveTransaction.INFO: PASSED [] []
[2013-05-29 21:58:15] TransactionTest::testUniqueTransaction.INFO: PASSED [] []
[2013-05-29 21:58:15] TransactionTest::testUpdateTransaction.INFO: PASSED [] []
[2013-05-29 21:58:15] TransactionTest::testMissingParameters.INFO: PASSED [] []
[2013-05-29 21:58:15] TransactionTest::testItsApproveTransaction.INFO: PASSED [] []
[2013-05-29 21:58:15] TransactionTest::testPaymentNeg.ALERT: No method matcher is set [] []
[2013-05-29 21:58:15] TransactionTest::testPaymentNeg.INFO: # ERROR # [] []
[2013-05-29 21:58:15] TransactionTest::testPaymentNeg.INFO: PASSED [] []
[2013-05-29 22:02:44] TransactionTest::testSaveTransaction.INFO: PASSED [] []
[2013-05-29 22:02:44] TransactionTest::testUniqueTransaction.INFO: PASSED [] []
[2013-05-29 22:02:44] TransactionTest::testUpdateTransaction.INFO: PASSED [] []
[2013-05-29 22:02:44] TransactionTest::testMissingParameters.INFO: PASSED [] []
[2013-05-29 22:02:44] TransactionTest::testItsApproveTransaction.INFO: PASSED [] []
[2013-05-29 22:04:28] TransactionTest::testSaveTransaction.INFO: PASSED [] []
[2013-05-29 22:04:28] TransactionTest::testUniqueTransaction.INFO: PASSED [] []
[2013-05-29 22:04:29] TransactionTest::testUpdateTransaction.INFO: PASSED [] []
[2013-05-29 22:04:29] TransactionTest::testMissingParameters.INFO: PASSED [] []
[2013-05-29 22:04:29] TransactionTest::testItsApproveTransaction.INFO: PASSED [] []
[2013-05-29 22:04:29] TransactionTest::testPaymentNeg.ALERT: Use of undefined constant ‘update’ - assumed '‘update’' [] []
[2013-05-29 22:04:29] TransactionTest::testPaymentNeg.INFO: # ERROR # [] []
[2013-05-29 22:04:29] TransactionTest::testPaymentNeg.INFO: PASSED [] []
[2013-05-29 22:05:06] TransactionTest::testSaveTransaction.INFO: PASSED [] []
[2013-05-29 22:05:06] TransactionTest::testUniqueTransaction.INFO: PASSED [] []
[2013-05-29 22:05:06] TransactionTest::testUpdateTransaction.INFO: PASSED [] []
[2013-05-29 22:05:06] TransactionTest::testMissingParameters.INFO: PASSED [] []
[2013-05-29 22:05:06] TransactionTest::testItsApproveTransaction.INFO: PASSED [] []
[2013-05-29 22:05:06] TransactionTest::testPaymentNeg.ALERT: Use of undefined constant ‘update’ - assumed '‘update’' [] []
[2013-05-29 22:05:06] TransactionTest::testPaymentNeg.INFO: # ERROR # [] []
[2013-05-29 22:05:06] TransactionTest::testPaymentNeg.INFO: PASSED [] []
[2013-05-29 22:05:19] TransactionTest::testSaveTransaction.INFO: PASSED [] []
[2013-05-29 22:05:19] TransactionTest::testUniqueTransaction.INFO: PASSED [] []
[2013-05-29 22:05:19] TransactionTest::testUpdateTransaction.INFO: PASSED [] []
[2013-05-29 22:05:19] TransactionTest::testMissingParameters.INFO: PASSED [] []
[2013-05-29 22:05:19] TransactionTest::testItsApproveTransaction.INFO: PASSED [] []
[2013-05-29 22:05:19] TransactionTest::testPaymentNeg.ALERT: Use of undefined constant ‘update’ - assumed '‘update’' [] []
[2013-05-29 22:05:19] TransactionTest::testPaymentNeg.INFO: # ERROR # [] []
[2013-05-29 22:05:19] TransactionTest::testPaymentNeg.INFO: PASSED [] []
[2013-05-29 22:05:35] TransactionTest::testSaveTransaction.INFO: PASSED [] []
[2013-05-29 22:05:35] TransactionTest::testUniqueTransaction.INFO: PASSED [] []
[2013-05-29 22:05:35] TransactionTest::testUpdateTransaction.INFO: PASSED [] []
[2013-05-29 22:05:35] TransactionTest::testMissingParameters.INFO: PASSED [] []
[2013-05-29 22:05:35] TransactionTest::testItsApproveTransaction.INFO: PASSED [] []
[2013-05-29 22:05:35] TransactionTest::testPaymentNeg.ALERT: Use of undefined constant ‘update’ - assumed '‘update’' [] []
[2013-05-29 22:05:35] TransactionTest::testPaymentNeg.INFO: # ERROR # [] []
[2013-05-29 22:05:35] TransactionTest::testPaymentNeg.INFO: PASSED [] []
[2013-05-29 22:05:58] TransactionTest::testSaveTransaction.INFO: PASSED [] []
[2013-05-29 22:05:58] TransactionTest::testUniqueTransaction.INFO: PASSED [] []
[2013-05-29 22:05:58] TransactionTest::testUpdateTransaction.INFO: PASSED [] []
[2013-05-29 22:05:58] TransactionTest::testMissingParameters.INFO: PASSED [] []
[2013-05-29 22:05:58] TransactionTest::testItsApproveTransaction.INFO: PASSED [] []
[2013-05-29 22:05:58] TransactionTest::testPaymentNeg.ALERT: Expectation failed for method name is equal to <string:update> when invoked 1 time(s).
Method was expected to be called 1 times, actually called 0 times. [] []
[2013-05-29 22:05:58] TransactionTest::testPaymentNeg.INFO: # FAILED # [] []
[2013-05-29 22:06:12] TransactionTest::testSaveTransaction.INFO: PASSED [] []
[2013-05-29 22:06:12] TransactionTest::testUniqueTransaction.INFO: PASSED [] []
[2013-05-29 22:06:12] TransactionTest::testUpdateTransaction.INFO: PASSED [] []
[2013-05-29 22:06:12] TransactionTest::testMissingParameters.INFO: PASSED [] []
[2013-05-29 22:06:12] TransactionTest::testItsApproveTransaction.INFO: PASSED [] []
[2013-05-29 22:06:12] TransactionTest::testPaymentNeg.ALERT: Expectation failed for method name is equal to <string:update> when invoked 1 time(s).
Method was expected to be called 1 times, actually called 0 times. [] []
[2013-05-29 22:06:12] TransactionTest::testPaymentNeg.INFO: # FAILED # [] []
[2013-05-29 22:07:00] TransactionTest::testSaveTransaction.INFO: PASSED [] []
[2013-05-29 22:07:00] TransactionTest::testUniqueTransaction.INFO: PASSED [] []
[2013-05-29 22:07:00] TransactionTest::testUpdateTransaction.INFO: PASSED [] []
[2013-05-29 22:07:00] TransactionTest::testMissingParameters.INFO: PASSED [] []
[2013-05-29 22:07:00] TransactionTest::testItsApproveTransaction.INFO: PASSED [] []
[2013-05-29 22:07:00] TransactionTest::testPaymentNeg.ALERT: Expectation failed for method name is equal to <string:update> when invoked 1 time(s).
Method was expected to be called 1 times, actually called 0 times. [] []
[2013-05-29 22:07:00] TransactionTest::testPaymentNeg.INFO: # FAILED # [] []
[2013-05-29 22:07:14] TransactionTest::testSaveTransaction.INFO: PASSED [] []
[2013-05-29 22:07:14] TransactionTest::testUniqueTransaction.INFO: PASSED [] []
[2013-05-29 22:07:14] TransactionTest::testUpdateTransaction.INFO: PASSED [] []
[2013-05-29 22:07:14] TransactionTest::testMissingParameters.INFO: PASSED [] []
[2013-05-29 22:07:14] TransactionTest::testItsApproveTransaction.INFO: PASSED [] []
[2013-05-29 22:07:14] TransactionTest::testPaymentNeg.INFO: PASSED [] []
[2013-05-29 22:07:34] TransactionTest::testSaveTransaction.INFO: PASSED [] []
[2013-05-29 22:07:34] TransactionTest::testUniqueTransaction.INFO: PASSED [] []
[2013-05-29 22:07:34] TransactionTest::testUpdateTransaction.INFO: PASSED [] []
[2013-05-29 22:07:34] TransactionTest::testMissingParameters.INFO: PASSED [] []
[2013-05-29 22:07:34] TransactionTest::testItsApproveTransaction.INFO: PASSED [] []
[2013-05-29 22:07:34] TransactionTest::testPaymentNeg.ALERT: No method matcher is set [] []
[2013-05-29 22:07:34] TransactionTest::testPaymentNeg.INFO: # ERROR # [] []
[2013-05-29 22:07:34] TransactionTest::testPaymentNeg.INFO: PASSED [] []
[2013-05-29 22:07:47] TransactionTest::testSaveTransaction.INFO: PASSED [] []
[2013-05-29 22:07:48] TransactionTest::testUniqueTransaction.INFO: PASSED [] []
[2013-05-29 22:07:48] TransactionTest::testUpdateTransaction.INFO: PASSED [] []
[2013-05-29 22:07:48] TransactionTest::testMissingParameters.INFO: PASSED [] []
[2013-05-29 22:07:48] TransactionTest::testItsApproveTransaction.INFO: PASSED [] []
[2013-05-29 22:07:48] TransactionTest::testPaymentNeg.ALERT: Expectation failed for method name is equal to <string:update> when invoked 1 time(s).
Method was expected to be called 1 times, actually called 0 times. [] []
[2013-05-29 22:07:48] TransactionTest::testPaymentNeg.INFO: # FAILED # [] []
[2013-05-29 22:07:54] TransactionTest::testSaveTransaction.INFO: PASSED [] []
[2013-05-29 22:07:54] TransactionTest::testUniqueTransaction.INFO: PASSED [] []
[2013-05-29 22:07:54] TransactionTest::testUpdateTransaction.INFO: PASSED [] []
[2013-05-29 22:07:54] TransactionTest::testMissingParameters.INFO: PASSED [] []
[2013-05-29 22:07:54] TransactionTest::testItsApproveTransaction.INFO: PASSED [] []
[2013-05-29 22:07:54] TransactionTest::testPaymentNeg.ALERT: Expectation failed for method name is equal to <string:createCon> when invoked 1 time(s).
Method was expected to be called 1 times, actually called 0 times. [] []
[2013-05-29 22:07:54] TransactionTest::testPaymentNeg.INFO: # FAILED # [] []
[2013-05-29 22:09:00] TransactionTest::testSaveTransaction.INFO: PASSED [] []
[2013-05-29 22:09:00] TransactionTest::testUniqueTransaction.INFO: PASSED [] []
[2013-05-29 22:09:00] TransactionTest::testUpdateTransaction.INFO: PASSED [] []
[2013-05-29 22:09:00] TransactionTest::testMissingParameters.INFO: PASSED [] []
[2013-05-29 22:09:00] TransactionTest::testItsApproveTransaction.INFO: PASSED [] []
[2013-05-29 22:09:29] TransactionTest::testSaveTransaction.INFO: PASSED [] []
[2013-05-29 22:09:29] TransactionTest::testUniqueTransaction.INFO: PASSED [] []
[2013-05-29 22:09:29] TransactionTest::testUpdateTransaction.INFO: PASSED [] []
[2013-05-29 22:09:30] TransactionTest::testMissingParameters.INFO: PASSED [] []
[2013-05-29 22:09:30] TransactionTest::testItsApproveTransaction.INFO: PASSED [] []
[2013-05-29 22:09:30] TransactionTest::testPaymentNeg.ALERT: Object of class Mock_Puntoconexion_ddc667ba could not be converted to string [] []
[2013-05-29 22:09:30] TransactionTest::testPaymentNeg.INFO: # ERROR # [] []
[2013-05-29 22:09:30] TransactionTest::testPaymentNeg.INFO: PASSED [] []
[2013-05-29 22:09:42] TransactionTest::testSaveTransaction.INFO: PASSED [] []
[2013-05-29 22:09:42] TransactionTest::testUniqueTransaction.INFO: PASSED [] []
[2013-05-29 22:09:42] TransactionTest::testUpdateTransaction.INFO: PASSED [] []
[2013-05-29 22:09:42] TransactionTest::testMissingParameters.INFO: PASSED [] []
[2013-05-29 22:09:42] TransactionTest::testItsApproveTransaction.INFO: PASSED [] []
[2013-05-29 22:09:42] TransactionTest::testPaymentNeg.ALERT: Object of class Mock_Puntoconexion_aeddc06c could not be converted to string [] []
[2013-05-29 22:09:42] TransactionTest::testPaymentNeg.INFO: # ERROR # [] []
[2013-05-29 22:09:42] TransactionTest::testPaymentNeg.INFO: PASSED [] []
[2013-05-29 22:09:57] TransactionTest::testSaveTransaction.INFO: PASSED [] []
[2013-05-29 22:09:57] TransactionTest::testUniqueTransaction.INFO: PASSED [] []
[2013-05-29 22:09:57] TransactionTest::testUpdateTransaction.INFO: PASSED [] []
[2013-05-29 22:09:57] TransactionTest::testMissingParameters.INFO: PASSED [] []
[2013-05-29 22:09:57] TransactionTest::testItsApproveTransaction.INFO: PASSED [] []
[2013-05-29 22:14:04] TransactionTest::testSaveTransaction.INFO: PASSED [] []
[2013-05-29 22:14:04] TransactionTest::testUniqueTransaction.INFO: PASSED [] []
[2013-05-29 22:14:04] TransactionTest::testUpdateTransaction.INFO: PASSED [] []
[2013-05-29 22:14:04] TransactionTest::testMissingParameters.INFO: PASSED [] []
[2013-05-29 22:14:04] TransactionTest::testItsApproveTransaction.INFO: PASSED [] []
[2013-05-29 22:14:04] TransactionTest::testPaymentNeg.INFO: PASSED [] []
[2013-05-29 22:14:24] TransactionTest::testSaveTransaction.INFO: PASSED [] []
[2013-05-29 22:14:24] TransactionTest::testUniqueTransaction.INFO: PASSED [] []
[2013-05-29 22:14:24] TransactionTest::testUpdateTransaction.INFO: PASSED [] []
[2013-05-29 22:14:24] TransactionTest::testMissingParameters.INFO: PASSED [] []
[2013-05-29 22:14:24] TransactionTest::testItsApproveTransaction.INFO: PASSED [] []
[2013-05-29 22:14:25] TransactionTest::testPaymentNeg.INFO: PASSED [] []
[2013-05-29 22:15:02] TransactionTest::testSaveTransaction.INFO: PASSED [] []
[2013-05-29 22:15:02] TransactionTest::testUniqueTransaction.INFO: PASSED [] []
[2013-05-29 22:15:02] TransactionTest::testUpdateTransaction.INFO: PASSED [] []
[2013-05-29 22:15:02] TransactionTest::testMissingParameters.INFO: PASSED [] []
[2013-05-29 22:15:02] TransactionTest::testItsApproveTransaction.INFO: PASSED [] []
[2013-05-29 22:15:02] TransactionTest::testPaymentNeg.INFO: PASSED [] []
[2013-05-29 22:15:34] TransactionTest::testSaveTransaction.INFO: PASSED [] []
[2013-05-29 22:15:34] TransactionTest::testUniqueTransaction.INFO: PASSED [] []
[2013-05-29 22:15:34] TransactionTest::testUpdateTransaction.INFO: PASSED [] []
[2013-05-29 22:15:34] TransactionTest::testMissingParameters.INFO: PASSED [] []
[2013-05-29 22:15:34] TransactionTest::testItsApproveTransaction.INFO: PASSED [] []
[2013-05-29 22:15:34] TransactionTest::testPaymentNeg.ALERT: Transaction and its behaviors do not have a method or closure named "attach". [] []
[2013-05-29 22:15:34] TransactionTest::testPaymentNeg.INFO: # ERROR # [] []
[2013-05-29 22:15:34] TransactionTest::testPaymentNeg.INFO: PASSED [] []
[2013-05-29 22:22:54] TransactionTest::testSaveTransaction.INFO: PASSED [] []
[2013-05-29 22:22:54] TransactionTest::testUniqueTransaction.INFO: PASSED [] []
[2013-05-29 22:22:54] TransactionTest::testUpdateTransaction.INFO: PASSED [] []
[2013-05-29 22:22:54] TransactionTest::testMissingParameters.INFO: PASSED [] []
[2013-05-29 22:22:54] TransactionTest::testItsApproveTransaction.INFO: PASSED [] []
[2013-05-29 22:22:54] TransactionTest::testPaymentNeg.ALERT: Transaction and its behaviors do not have a method or closure named "use". [] []
[2013-05-29 22:22:54] TransactionTest::testPaymentNeg.INFO: # ERROR # [] []
[2013-05-29 22:22:54] TransactionTest::testPaymentNeg.INFO: PASSED [] []
[2013-05-29 22:34:10] TransactionTest::testSaveTransaction.ALERT: Missing argument 8 for Transaction::saveTransaction(), called in C:\wamp\www\TuPagoDe2\tests\unit\TransactionTest.php on line 19 and defined [] []
[2013-05-29 22:34:10] TransactionTest::testSaveTransaction.INFO: # ERROR # [] []
[2013-05-29 22:34:10] TransactionTest::testSaveTransaction.INFO: PASSED [] []
[2013-05-29 22:34:10] TransactionTest::testUniqueTransaction.ALERT: Missing argument 8 for Transaction::saveTransaction(), called in C:\wamp\www\TuPagoDe2\tests\unit\TransactionTest.php on line 33 and defined [] []
[2013-05-29 22:34:10] TransactionTest::testUniqueTransaction.INFO: # ERROR # [] []
[2013-05-29 22:34:10] TransactionTest::testUniqueTransaction.INFO: PASSED [] []
[2013-05-29 22:34:10] TransactionTest::testUpdateTransaction.ALERT: Missing argument 8 for Transaction::saveTransaction(), called in C:\wamp\www\TuPagoDe2\tests\unit\TransactionTest.php on line 56 and defined [] []
[2013-05-29 22:34:10] TransactionTest::testUpdateTransaction.INFO: # ERROR # [] []
[2013-05-29 22:34:10] TransactionTest::testUpdateTransaction.INFO: PASSED [] []
[2013-05-29 22:34:10] TransactionTest::testMissingParameters.ALERT: Missing argument 8 for Transaction::saveTransaction(), called in C:\wamp\www\TuPagoDe2\tests\unit\TransactionTest.php on line 84 and defined [] []
[2013-05-29 22:34:10] TransactionTest::testMissingParameters.INFO: # ERROR # [] []
[2013-05-29 22:34:10] TransactionTest::testMissingParameters.INFO: PASSED [] []
[2013-05-29 22:34:10] TransactionTest::testItsApproveTransaction.ALERT: Missing argument 8 for Transaction::saveTransaction(), called in C:\wamp\www\TuPagoDe2\tests\unit\TransactionTest.php on line 119 and defined [] []
[2013-05-29 22:34:10] TransactionTest::testItsApproveTransaction.INFO: # ERROR # [] []
[2013-05-29 22:34:10] TransactionTest::testItsApproveTransaction.INFO: PASSED [] []
[2013-05-29 22:34:10] TransactionTest::testPaymentNeg.ALERT: Transaction and its behaviors do not have a method or closure named "use". [] []
[2013-05-29 22:34:10] TransactionTest::testPaymentNeg.INFO: # ERROR # [] []
[2013-05-29 22:34:10] TransactionTest::testPaymentNeg.INFO: PASSED [] []
[2013-05-29 22:34:42] TransactionTest::testSaveTransaction.ALERT: Missing argument 8 for Transaction::saveTransaction(), called in C:\wamp\www\TuPagoDe2\tests\unit\TransactionTest.php on line 19 and defined [] []
[2013-05-29 22:34:42] TransactionTest::testSaveTransaction.INFO: # ERROR # [] []
[2013-05-29 22:34:42] TransactionTest::testSaveTransaction.INFO: PASSED [] []
[2013-05-29 22:34:42] TransactionTest::testUniqueTransaction.ALERT: Missing argument 8 for Transaction::saveTransaction(), called in C:\wamp\www\TuPagoDe2\tests\unit\TransactionTest.php on line 33 and defined [] []
[2013-05-29 22:34:42] TransactionTest::testUniqueTransaction.INFO: # ERROR # [] []
[2013-05-29 22:34:42] TransactionTest::testUniqueTransaction.INFO: PASSED [] []
[2013-05-29 22:34:42] TransactionTest::testUpdateTransaction.ALERT: Missing argument 8 for Transaction::saveTransaction(), called in C:\wamp\www\TuPagoDe2\tests\unit\TransactionTest.php on line 56 and defined [] []
[2013-05-29 22:34:42] TransactionTest::testUpdateTransaction.INFO: # ERROR # [] []
[2013-05-29 22:34:42] TransactionTest::testUpdateTransaction.INFO: PASSED [] []
[2013-05-29 22:34:42] TransactionTest::testMissingParameters.ALERT: Missing argument 8 for Transaction::saveTransaction(), called in C:\wamp\www\TuPagoDe2\tests\unit\TransactionTest.php on line 84 and defined [] []
[2013-05-29 22:34:42] TransactionTest::testMissingParameters.INFO: # ERROR # [] []
[2013-05-29 22:34:42] TransactionTest::testMissingParameters.INFO: PASSED [] []
[2013-05-29 22:34:42] TransactionTest::testItsApproveTransaction.ALERT: Missing argument 8 for Transaction::saveTransaction(), called in C:\wamp\www\TuPagoDe2\tests\unit\TransactionTest.php on line 119 and defined [] []
[2013-05-29 22:34:42] TransactionTest::testItsApproveTransaction.INFO: # ERROR # [] []
[2013-05-29 22:34:42] TransactionTest::testItsApproveTransaction.INFO: PASSED [] []
[2013-05-29 22:34:42] TransactionTest::testPaymentNeg.ALERT: Property "Transaction.punto" is not defined. [] []
[2013-05-29 22:34:42] TransactionTest::testPaymentNeg.INFO: # ERROR # [] []
[2013-05-29 22:34:42] TransactionTest::testPaymentNeg.INFO: PASSED [] []
[2013-05-29 22:35:34] TransactionTest::testSaveTransaction.ALERT: Property "Transaction.punto" is not defined. [] []
[2013-05-29 22:35:34] TransactionTest::testSaveTransaction.INFO: # ERROR # [] []
[2013-05-29 22:35:34] TransactionTest::testSaveTransaction.INFO: PASSED [] []
[2013-05-29 22:35:34] TransactionTest::testUniqueTransaction.ALERT: Missing argument 8 for Transaction::saveTransaction(), called in C:\wamp\www\TuPagoDe2\tests\unit\TransactionTest.php on line 34 and defined [] []
[2013-05-29 22:35:34] TransactionTest::testUniqueTransaction.INFO: # ERROR # [] []
[2013-05-29 22:35:34] TransactionTest::testUniqueTransaction.INFO: PASSED [] []
[2013-05-29 22:35:34] TransactionTest::testUpdateTransaction.ALERT: Missing argument 8 for Transaction::saveTransaction(), called in C:\wamp\www\TuPagoDe2\tests\unit\TransactionTest.php on line 57 and defined [] []
[2013-05-29 22:35:34] TransactionTest::testUpdateTransaction.INFO: # ERROR # [] []
[2013-05-29 22:35:34] TransactionTest::testUpdateTransaction.INFO: PASSED [] []
[2013-05-29 22:35:34] TransactionTest::testMissingParameters.ALERT: Missing argument 8 for Transaction::saveTransaction(), called in C:\wamp\www\TuPagoDe2\tests\unit\TransactionTest.php on line 85 and defined [] []
[2013-05-29 22:35:34] TransactionTest::testMissingParameters.INFO: # ERROR # [] []
[2013-05-29 22:35:34] TransactionTest::testMissingParameters.INFO: PASSED [] []
[2013-05-29 22:35:34] TransactionTest::testItsApproveTransaction.ALERT: Missing argument 8 for Transaction::saveTransaction(), called in C:\wamp\www\TuPagoDe2\tests\unit\TransactionTest.php on line 120 and defined [] []
[2013-05-29 22:35:34] TransactionTest::testItsApproveTransaction.INFO: # ERROR # [] []
[2013-05-29 22:35:34] TransactionTest::testItsApproveTransaction.INFO: PASSED [] []
[2013-05-29 22:35:34] TransactionTest::testPaymentNeg.ALERT: Property "Transaction.punto" is not defined. [] []
[2013-05-29 22:35:34] TransactionTest::testPaymentNeg.INFO: # ERROR # [] []
[2013-05-29 22:35:34] TransactionTest::testPaymentNeg.INFO: PASSED [] []
[2013-05-29 22:38:55] TransactionTest::testSaveTransaction.ALERT: Property "Transaction.punto" is not defined. [] []
[2013-05-29 22:38:55] TransactionTest::testSaveTransaction.INFO: # ERROR # [] []
[2013-05-29 22:38:55] TransactionTest::testSaveTransaction.INFO: PASSED [] []
[2013-05-29 22:38:55] TransactionTest::testUniqueTransaction.ALERT: Property "Transaction.punto" is not defined. [] []
[2013-05-29 22:38:55] TransactionTest::testUniqueTransaction.INFO: # ERROR # [] []
[2013-05-29 22:38:55] TransactionTest::testUniqueTransaction.INFO: PASSED [] []
[2013-05-29 22:38:55] TransactionTest::testUpdateTransaction.ALERT: Property "Transaction.punto" is not defined. [] []
[2013-05-29 22:38:55] TransactionTest::testUpdateTransaction.INFO: # ERROR # [] []
[2013-05-29 22:38:55] TransactionTest::testUpdateTransaction.INFO: PASSED [] []
[2013-05-29 22:38:55] TransactionTest::testMissingParameters.ALERT: Property "Transaction.punto" is not defined. [] []
[2013-05-29 22:38:55] TransactionTest::testMissingParameters.INFO: # ERROR # [] []
[2013-05-29 22:38:55] TransactionTest::testMissingParameters.INFO: PASSED [] []
[2013-05-29 22:38:55] TransactionTest::testItsApproveTransaction.ALERT: Property "Transaction.punto" is not defined. [] []
[2013-05-29 22:38:55] TransactionTest::testItsApproveTransaction.INFO: # ERROR # [] []
[2013-05-29 22:38:55] TransactionTest::testItsApproveTransaction.INFO: PASSED [] []
[2013-05-29 22:38:55] TransactionTest::testPaymentNeg.ALERT: Property "Transaction.punto" is not defined. [] []
[2013-05-29 22:38:55] TransactionTest::testPaymentNeg.INFO: # ERROR # [] []
[2013-05-29 22:38:55] TransactionTest::testPaymentNeg.INFO: PASSED [] []
[2013-05-29 22:39:47] TransactionTest::testSaveTransaction.ALERT: Property "Transaction.punto" is not defined. [] []
[2013-05-29 22:39:47] TransactionTest::testSaveTransaction.INFO: # ERROR # [] []
[2013-05-29 22:39:47] TransactionTest::testSaveTransaction.INFO: PASSED [] []
[2013-05-29 22:39:47] TransactionTest::testUniqueTransaction.ALERT: Property "Transaction.punto" is not defined. [] []
[2013-05-29 22:39:47] TransactionTest::testUniqueTransaction.INFO: # ERROR # [] []
[2013-05-29 22:39:47] TransactionTest::testUniqueTransaction.INFO: PASSED [] []
[2013-05-29 22:39:47] TransactionTest::testUpdateTransaction.ALERT: Property "Transaction.punto" is not defined. [] []
[2013-05-29 22:39:47] TransactionTest::testUpdateTransaction.INFO: # ERROR # [] []
[2013-05-29 22:39:47] TransactionTest::testUpdateTransaction.INFO: PASSED [] []
[2013-05-29 22:39:47] TransactionTest::testMissingParameters.ALERT: Property "Transaction.punto" is not defined. [] []
[2013-05-29 22:39:47] TransactionTest::testMissingParameters.INFO: # ERROR # [] []
[2013-05-29 22:39:47] TransactionTest::testMissingParameters.INFO: PASSED [] []
[2013-05-29 22:39:47] TransactionTest::testItsApproveTransaction.ALERT: Property "Transaction.punto" is not defined. [] []
[2013-05-29 22:39:47] TransactionTest::testItsApproveTransaction.INFO: # ERROR # [] []
[2013-05-29 22:39:47] TransactionTest::testItsApproveTransaction.INFO: PASSED [] []
[2013-05-29 22:39:47] TransactionTest::testPaymentNeg.ALERT: Property "Transaction.punto" is not defined. [] []
[2013-05-29 22:39:47] TransactionTest::testPaymentNeg.INFO: # ERROR # [] []
[2013-05-29 22:39:47] TransactionTest::testPaymentNeg.INFO: PASSED [] []
[2013-05-29 22:44:17] TransactionTest::testSaveTransaction.ALERT: Property "Transaction.punto" is not defined. [] []
[2013-05-29 22:44:17] TransactionTest::testSaveTransaction.INFO: # ERROR # [] []
[2013-05-29 22:44:17] TransactionTest::testSaveTransaction.INFO: PASSED [] []
[2013-05-29 22:44:17] TransactionTest::testUniqueTransaction.ALERT: Property "Transaction.punto" is not defined. [] []
[2013-05-29 22:44:17] TransactionTest::testUniqueTransaction.INFO: # ERROR # [] []
[2013-05-29 22:44:17] TransactionTest::testUniqueTransaction.INFO: PASSED [] []
[2013-05-29 22:44:17] TransactionTest::testUpdateTransaction.ALERT: Property "Transaction.punto" is not defined. [] []
[2013-05-29 22:44:17] TransactionTest::testUpdateTransaction.INFO: # ERROR # [] []
[2013-05-29 22:44:17] TransactionTest::testUpdateTransaction.INFO: PASSED [] []
[2013-05-29 22:44:17] TransactionTest::testMissingParameters.ALERT: Property "Transaction.punto" is not defined. [] []
[2013-05-29 22:44:17] TransactionTest::testMissingParameters.INFO: # ERROR # [] []
[2013-05-29 22:44:17] TransactionTest::testMissingParameters.INFO: PASSED [] []
[2013-05-29 22:44:17] TransactionTest::testItsApproveTransaction.ALERT: Property "Transaction.punto" is not defined. [] []
[2013-05-29 22:44:17] TransactionTest::testItsApproveTransaction.INFO: # ERROR # [] []
[2013-05-29 22:44:17] TransactionTest::testItsApproveTransaction.INFO: PASSED [] []
[2013-05-29 22:44:17] TransactionTest::testPaymentNeg.ALERT: Property "Transaction.punto" is not defined. [] []
[2013-05-29 22:44:17] TransactionTest::testPaymentNeg.INFO: # ERROR # [] []
[2013-05-29 22:44:17] TransactionTest::testPaymentNeg.INFO: PASSED [] []
[2013-05-29 22:50:40] TransactionTest::testSaveTransaction.ALERT: Property "Transaction.punto" is not defined. [] []
[2013-05-29 22:50:40] TransactionTest::testSaveTransaction.INFO: # ERROR # [] []
[2013-05-29 22:50:40] TransactionTest::testSaveTransaction.INFO: PASSED [] []
[2013-05-29 22:50:40] TransactionTest::testUniqueTransaction.ALERT: Property "Transaction.punto" is not defined. [] []
[2013-05-29 22:50:40] TransactionTest::testUniqueTransaction.INFO: # ERROR # [] []
[2013-05-29 22:50:40] TransactionTest::testUniqueTransaction.INFO: PASSED [] []
[2013-05-29 22:50:40] TransactionTest::testUpdateTransaction.ALERT: Property "Transaction.punto" is not defined. [] []
[2013-05-29 22:50:40] TransactionTest::testUpdateTransaction.INFO: # ERROR # [] []
[2013-05-29 22:50:40] TransactionTest::testUpdateTransaction.INFO: PASSED [] []
[2013-05-29 22:50:40] TransactionTest::testMissingParameters.ALERT: Property "Transaction.punto" is not defined. [] []
[2013-05-29 22:50:40] TransactionTest::testMissingParameters.INFO: # ERROR # [] []
[2013-05-29 22:50:40] TransactionTest::testMissingParameters.INFO: PASSED [] []
[2013-05-29 22:50:40] TransactionTest::testItsApproveTransaction.ALERT: Property "Transaction.punto" is not defined. [] []
[2013-05-29 22:50:40] TransactionTest::testItsApproveTransaction.INFO: # ERROR # [] []
[2013-05-29 22:50:40] TransactionTest::testItsApproveTransaction.INFO: PASSED [] []
[2013-05-29 22:50:40] TransactionTest::testPaymentNeg.ALERT: Property "Transaction.punto" is not defined. [] []
[2013-05-29 22:50:40] TransactionTest::testPaymentNeg.INFO: # ERROR # [] []
[2013-05-29 22:50:40] TransactionTest::testPaymentNeg.INFO: PASSED [] []
